2025-05-14 18:18:39,791 - utils.page_setting - INFO - [antonioli] - 日志文件已创建: E:\pythonProject\outsource\balenciaga_monitor\logs\antonioli\antonioli_20250514_181839.log
2025-05-14 18:18:39,793 - utils.page_setting - INFO - [antonioli] - 加载了上次的库存数据: E:\pythonProject\outsource\balenciaga_monitor\data\antonioli\inventory\balenciaga_inventory_20250513_144757.json
2025-05-14 18:18:39,793 - utils.page_setting - INFO - [antonioli] - antonioli - 库存监控已初始化
2025-05-14 18:18:40,980 - utils.page_setting - INFO - [antonioli] - antonioli - 浏览器页面已初始化
2025-05-14 18:18:40,980 - utils.page_setting - INFO - [antonioli] - 开始监控 https://antonioli.eu/en-us/collections/designer-balenciaga/man?grid-switcher=4&filter.p.m.elastick.department=SHOES&filter.v.price.gte=&filter.v.price.lte=
2025-05-14 18:18:40,981 - utils.page_setting - INFO - [antonioli] - 正在获取商品目录: https://antonioli.eu/en-us/collections/designer-balenciaga/man?grid-switcher=4&filter.p.m.elastick.department=SHOES&filter.v.price.gte=&filter.v.price.lte=
2025-05-14 18:18:47,907 - utils.page_setting - INFO - [antonioli] - 找到 11 个商品元素
2025-05-14 18:18:48,493 - utils.page_setting - DEBUG - [antonioli] - 找到商品: leopold flat ballerinas, URL: https://antonioli.eu/en-us/products/man-balenciaga-shoes-loafers-flats-810884w11m0-1000?_pos=1&_fid=fc12a7d5c&_ss=c
2025-05-14 18:18:48,494 - utils.page_setting - DEBUG - [antonioli] - 找到商品: trtactor loafers, URL: https://antonioli.eu/en-us/products/man-balenciaga-shoes-loafers-flats-825735wbsa8-1010?_pos=2&_fid=fc12a7d5c&_ss=c
2025-05-14 18:18:48,495 - utils.page_setting - DEBUG - [antonioli] - 找到商品: stomper derbies, URL: https://antonioli.eu/en-us/products/man-balenciaga-shoes-lace-ups-807326wcda0-1000?_pos=3&_fid=fc12a7d5c&_ss=c
2025-05-14 18:18:48,497 - utils.page_setting - DEBUG - [antonioli] - 找到商品: crocs collaboration mule jibbitz, URL: https://antonioli.eu/en-us/products/man-balenciaga-shoes-mules-720857w0foy-1000?_pos=4&_fid=fc12a7d5c&_ss=c
2025-05-14 18:18:48,500 - utils.page_setting - DEBUG - [antonioli] - 找到商品: giant boots 80mm, URL: https://antonioli.eu/en-us/products/man-balenciaga-shoes-boots-813689wcda1-1000?_pos=5&_fid=fc12a7d5c&_ss=c
2025-05-14 18:18:48,501 - utils.page_setting - DEBUG - [antonioli] - 找到商品: speed 2.0 lt sneakers, URL: https://antonioli.eu/en-us/products/man-balenciaga-shoes-sneakers-617239w2db2-1015?_pos=6&_fid=fc12a7d5c&_ss=c
2025-05-14 18:18:48,502 - utils.page_setting - DEBUG - [antonioli] - 找到商品: runner sneakers, URL: https://antonioli.eu/en-us/products/man-balenciaga-shoes-sneakers-772774w3rbt-1000?_pos=7&_fid=fc12a7d5c&_ss=c
2025-05-14 18:18:48,504 - utils.page_setting - DEBUG - [antonioli] - 找到商品: 3xl sneakers, URL: https://antonioli.eu/en-us/products/man-balenciaga-shoes-sneakers-734734w3xl4-9191?_pos=8&_fid=fc12a7d5c&_ss=c
2025-05-14 18:18:48,505 - utils.page_setting - DEBUG - [antonioli] - 找到商品: circuit sneakers, URL: https://antonioli.eu/en-us/products/man-balenciaga-shoes-sneakers-793945wflgy-1000?_pos=9&_fid=fc12a7d5c&_ss=c
2025-05-14 18:18:48,506 - utils.page_setting - DEBUG - [antonioli] - 找到商品: circuit sneakers, URL: https://antonioli.eu/en-us/products/man-balenciaga-shoes-sneakers-793945wflgy-9100?_pos=10&_fid=fc12a7d5c&_ss=c
2025-05-14 18:18:48,507 - utils.page_setting - DEBUG - [antonioli] - 找到商品: stapler sneakers, URL: https://antonioli.eu/en-us/products/man-balenciaga-shoes-sneakers-803681w3st4-1000?_pos=11&_fid=fc12a7d5c&_ss=c
2025-05-14 18:18:48,508 - utils.page_setting - INFO - [antonioli] - 共解析到 11 个商品
2025-05-14 18:18:48,519 - utils.page_setting - INFO - [antonioli] - 监控开始，共获取到 11 个商品信息
2025-05-14 18:18:48,521 - utils.page_setting - INFO - [antonioli] - antonioli - 数据已保存到 E:\pythonProject\outsource\balenciaga_monitor\data\antonioli\inventory\balenciaga_inventory_20250514_181848.json
2025-05-14 18:18:48,521 - utils.page_setting - INFO - [antonioli] - 已保存10个商品的库存信息到 E:\pythonProject\outsource\balenciaga_monitor\data\antonioli\inventory\balenciaga_inventory_20250514_181848.json
2025-05-14 18:18:48,522 - utils.page_setting - INFO - [antonioli] - 未检测到库存变化
2025-05-14 18:18:49,543 - utils.page_setting - INFO - [antonioli] - 监控结束，关闭浏览器
2025-05-14 18:18:49,543 - utils.page_setting - INFO - [antonioli] - antonioli - 监控任务完成，日志已保存
