2025-05-14 18:09:08,842 - utils.page_setting - INFO - 日志文件已创建: E:\pythonProject\outsource\balenciaga_monitor\logs\antonioli\antonioli_20250514_180908.log
2025-05-14 18:09:08,845 - utils.page_setting - INFO - 加载了上次的库存数据: E:\pythonProject\outsource\balenciaga_monitor\data\antonioli\inventory\balenciaga_inventory_20250513_144757.json
2025-05-14 18:09:08,845 - utils.page_setting - INFO - antonioli - 库存监控已初始化
2025-05-14 18:09:10,019 - utils.page_setting - INFO - antonioli - 浏览器页面已初始化
2025-05-14 18:09:10,019 - utils.page_setting - INFO - 开始监控 https://antonioli.eu/en-us/collections/designer-balenciaga/man?grid-switcher=4&filter.p.m.elastick.department=SHOES&filter.v.price.gte=&filter.v.price.lte=
2025-05-14 18:09:10,019 - utils.page_setting - INFO - 正在获取商品目录: https://antonioli.eu/en-us/collections/designer-balenciaga/man?grid-switcher=4&filter.p.m.elastick.department=SHOES&filter.v.price.gte=&filter.v.price.lte=
2025-05-14 18:09:10,858 - utils.page_setting - INFO - 日志文件已创建: E:\pythonProject\outsource\balenciaga_monitor\logs\duomo\duomo_20250514_180910.log
2025-05-14 18:09:10,859 - utils.page_setting - INFO - 未找到历史库存数据目录: E:\pythonProject\outsource\balenciaga_monitor\data\duomo\inventory
2025-05-14 18:09:10,859 - utils.page_setting - INFO - duomo - 库存监控已初始化
2025-05-14 18:09:10,859 - utils.page_setting - INFO - 开始监控 https://www.ilduomo.it/api/categoryProducts
2025-05-14 18:09:10,859 - utils.page_setting - INFO - 正在获取商品目录: https://www.ilduomo.it/api/categoryProducts
2025-05-14 18:09:11,783 - utils.page_setting - INFO - 获取到 5 个Balenciaga商品
2025-05-14 18:09:11,783 - utils.page_setting - DEBUG - 解析商品: Balenciaga Pool Slide, 尺码数量: 3
2025-05-14 18:09:11,783 - utils.page_setting - DEBUG - 解析商品: Balenciaga Runner, 尺码数量: 1
2025-05-14 18:09:11,784 - utils.page_setting - DEBUG - 解析商品: Balenciaga Pool Slide, 尺码数量: 3
2025-05-14 18:09:11,784 - utils.page_setting - DEBUG - 解析商品: Balenciaga Runner 2 Sneakers, 尺码数量: 4
2025-05-14 18:09:11,784 - utils.page_setting - DEBUG - 解析商品: Balenciaga 3xl Sneakers, 尺码数量: 4
2025-05-14 18:09:11,786 - utils.page_setting - INFO - duomo - 数据已保存到 E:\pythonProject\outsource\balenciaga_monitor\data\duomo\inventory\balenciaga_inventory_20250514_180911.json
2025-05-14 18:09:11,786 - utils.page_setting - INFO - 商品目录数据已保存到: E:\pythonProject\outsource\balenciaga_monitor\data\duomo\inventory\balenciaga_inventory_20250514_180911.json
2025-05-14 18:09:11,787 - utils.page_setting - INFO - 监控完成，共获取到 5 个商品信息
2025-05-14 18:09:11,787 - utils.page_setting - INFO - duomo - 数据已保存到 E:\pythonProject\outsource\balenciaga_monitor\data\duomo\json_summary\inventory_summary_20250514_180911.json
2025-05-14 18:09:11,788 - utils.page_setting - INFO - duomo - 数据已保存到 E:\pythonProject\outsource\balenciaga_monitor\data\duomo\summary\inventory_summary_duomo_20250514_180911.txt
2025-05-14 18:09:11,788 - utils.page_setting - INFO - 监控结束，关闭浏览器
2025-05-14 18:09:11,788 - utils.page_setting - INFO - duomo - 监控任务完成，日志已保存
2025-05-14 18:09:12,862 - utils.page_setting - INFO - 日志文件已创建: E:\pythonProject\outsource\balenciaga_monitor\logs\eleonora_bonucci\eleonora_bonucci_20250514_180912.log
2025-05-14 18:09:12,863 - utils.page_setting - INFO - 加载了上次的库存数据: E:\pythonProject\outsource\balenciaga_monitor\data\eleonora_bonucci\inventory\balenciaga_inventory_20250512_162711.json
2025-05-14 18:09:12,863 - utils.page_setting - INFO - eleonora_bonucci - 库存监控已初始化
2025-05-14 18:09:12,864 - utils.page_setting - INFO - 开始监控 https://eleonorabonucci.com/en/balenciaga/men?&f=eyJPcmRpbmFtZW50byI6MCwiQ2F0ZWdvcnkiOls1Ml0sIkJyYW5kIjpbXSwiQ29sb3IiOltdLCJTaXplIjpbXSwiVGFnbGlhIjpbXSwiU2FsZGkiOmZhbHNlLCJOdW92YUNvbGxlemlvbmUiOnRydWUsIktpZHNNZW4iOnRydWUsIktpZHNXb21lbiI6dHJ1ZSwiU2l6ZUtpZHMiOjAsIlNlcXVlbnphIjpbeyJGaWx0cm8iOjEsIlZhbG9yZSI6NTIsIkV2ZW50IjoiXC9EYXRlKDE3NDQxOTQ4NzQ1ODgpXC8ifV0sIkxibEZpbHRyb0tpZHNNb2JpbGUiOm51bGwsIkxibEZpbHRyb1NpemVLaWRzTW9iaWxlIjpudWxsfQ==
2025-05-14 18:09:12,865 - utils.page_setting - INFO - 正在获取商品目录: https://eleonorabonucci.com/en/balenciaga/men?&f=eyJPcmRpbmFtZW50byI6MCwiQ2F0ZWdvcnkiOls1Ml0sIkJyYW5kIjpbXSwiQ29sb3IiOltdLCJTaXplIjpbXSwiVGFnbGlhIjpbXSwiU2FsZGkiOmZhbHNlLCJOdW92YUNvbGxlemlvbmUiOnRydWUsIktpZHNNZW4iOnRydWUsIktpZHNXb21lbiI6dHJ1ZSwiU2l6ZUtpZHMiOjAsIlNlcXVlbnphIjpbeyJGaWx0cm8iOjEsIlZhbG9yZSI6NTIsIkV2ZW50IjoiXC9EYXRlKDE3NDQxOTQ4NzQ1ODgpXC8ifV0sIkxibEZpbHRyb0tpZHNNb2JpbGUiOm51bGwsIkxibEZpbHRyb1NpemVLaWRzTW9iaWxlIjpudWxsfQ==
2025-05-14 18:09:14,873 - utils.page_setting - INFO - 日志文件已创建: E:\pythonProject\outsource\balenciaga_monitor\logs\giglio\giglio_20250514_180914.log
2025-05-14 18:09:14,874 - utils.page_setting - INFO - 加载了上次的库存数据: E:\pythonProject\outsource\balenciaga_monitor\data\giglio\inventory\balenciaga_inventory_20250513_200756.json
2025-05-14 18:09:14,874 - utils.page_setting - INFO - giglio - 库存监控已初始化
2025-05-14 18:09:14,875 - utils.page_setting - INFO - 开始监控 https://www.giglio.com/en-us/balenciaga/men.html?_gl=1*1fxjw4l*_up*MQ..&category=8&gclid=CjwKCAjw--K_BhB5EiwAuwYoynemd70DtOPlR5NfGVCI_MD0CV577lXDMZjwaNVDEs7gZ8CrA91gQBoCivUQAvD_BwE
2025-05-14 18:09:14,876 - utils.page_setting - INFO - 正在获取商品目录: https://www.giglio.com/en-us/balenciaga/men.html?_gl=1*1fxjw4l*_up*MQ..&category=8&gclid=CjwKCAjw--K_BhB5EiwAuwYoynemd70DtOPlR5NfGVCI_MD0CV577lXDMZjwaNVDEs7gZ8CrA91gQBoCivUQAvD_BwE
2025-05-14 18:09:16,887 - utils.page_setting - INFO - 日志文件已创建: E:\pythonProject\outsource\balenciaga_monitor\logs\grifo210\grifo210_20250514_180916.log
2025-05-14 18:09:16,888 - utils.page_setting - INFO - 加载了上次的库存数据: E:\pythonProject\outsource\balenciaga_monitor\data\grifo210\inventory\balenciaga_inventory_20250513_203535.json
2025-05-14 18:09:16,889 - utils.page_setting - INFO - grifo210 - 库存监控已初始化
2025-05-14 18:09:16,890 - utils.page_setting - INFO - 开始监控 https://www.grifo210.com/en-ww/collections/men-maison-margiela
2025-05-14 18:09:16,890 - utils.page_setting - INFO - 正在获取商品目录: https://www.grifo210.com/en-ww/collections/men-maison-margiela
2025-05-14 18:09:17,607 - utils.page_setting - INFO - 找到 2 个商品元素
2025-05-14 18:09:17,607 - utils.page_setting - DEBUG - 找到商品: Sneakers men, URL: https://www.giglio.com/en-us/shoes-men_sneakers-balenciaga-825601w3xch.html?cSel=001
2025-05-14 18:09:17,608 - utils.page_setting - DEBUG - 找到商品: Sneakers men, URL: https://www.giglio.com/en-us/shoes-men_sneakers-balenciaga-542023w2la2.html?cSel=001
2025-05-14 18:09:17,608 - utils.page_setting - INFO - 共解析到 2 个商品
2025-05-14 18:09:17,608 - utils.page_setting - INFO - 监控开始，共获取到 2 个商品信息
2025-05-14 18:09:17,611 - utils.page_setting - INFO - giglio - 数据已保存到 E:\pythonProject\outsource\balenciaga_monitor\data\giglio\inventory\balenciaga_inventory_20250514_180917.json
2025-05-14 18:09:17,611 - utils.page_setting - INFO - 已保存2个商品的库存信息到 E:\pythonProject\outsource\balenciaga_monitor\data\giglio\inventory\balenciaga_inventory_20250514_180917.json
2025-05-14 18:09:17,611 - utils.page_setting - INFO - 未检测到库存变化
2025-05-14 18:09:17,611 - utils.page_setting - INFO - 监控结束，关闭浏览器
2025-05-14 18:09:17,611 - utils.page_setting - INFO - giglio - 监控任务完成，日志已保存
2025-05-14 18:09:18,891 - utils.page_setting - INFO - 日志文件已创建: E:\pythonProject\outsource\balenciaga_monitor\logs\hermes\hermes_20250514_180918.log
2025-05-14 18:09:18,892 - utils.page_setting - INFO - 加载了上次的库存数据: E:\pythonProject\outsource\balenciaga_monitor\data\hermes\inventory\balenciaga_inventory_20250514_131835.json
2025-05-14 18:09:18,892 - utils.page_setting - INFO - hermes - 库存监控已初始化
2025-05-14 18:09:18,894 - utils.page_setting - INFO - 开始监控 https://www.hermes.com/hk/en/category/women/bags-and-small-leather-goods/bags-and-clutches/
2025-05-14 18:09:18,894 - utils.page_setting - INFO - 正在获取商品目录: https://www.hermes.com/hk/en/category/women/bags-and-small-leather-goods/bags-and-clutches/
2025-05-14 18:09:20,902 - utils.page_setting - INFO - 日志文件已创建: E:\pythonProject\outsource\balenciaga_monitor\logs\julian\julian_20250514_180920.log
2025-05-14 18:09:20,904 - utils.page_setting - INFO - 加载了上次的库存数据: E:\pythonProject\outsource\balenciaga_monitor\data\julian\inventory\balenciaga_inventory_20250513_184340.json
2025-05-14 18:09:20,904 - utils.page_setting - INFO - julian - 库存监控已初始化
2025-05-14 18:09:20,905 - utils.page_setting - INFO - 开始监控 https://www.julian-fashion.com/en-hk/men/designer/balenciaga/shoes
2025-05-14 18:09:20,905 - utils.page_setting - INFO - 正在获取商品目录: https://www.julian-fashion.com/en-hk/men/designer/balenciaga/shoes
2025-05-14 18:09:21,179 - utils.page_setting - INFO - 找到 4 个商品元素
2025-05-14 18:09:21,179 - utils.page_setting - DEBUG - 找到商品: Garden Party Voyage 49 bag, URL: https://www.hermes.com/hk/en/product/garden-party-voyage-49-bag-H085761CKAC/
2025-05-14 18:09:21,180 - utils.page_setting - DEBUG - 找到商品: Garden Party pockets vertical bag, URL: https://www.hermes.com/hk/en/product/garden-party-pockets-vertical-bag-H084260CKAC/
2025-05-14 18:09:21,180 - utils.page_setting - DEBUG - 找到商品: Garden Party pockets vertical bag, URL: https://www.hermes.com/hk/en/product/garden-party-pockets-vertical-bag-H084260CKAA/
2025-05-14 18:09:21,181 - utils.page_setting - DEBUG - 找到商品: Garden Party Voyage 49 bag, URL: https://www.hermes.com/hk/en/product/garden-party-voyage-49-bag-H086065CKAA/
2025-05-14 18:09:21,181 - utils.page_setting - INFO - 共解析到 4 个商品
2025-05-14 18:09:21,182 - utils.page_setting - INFO - 监控开始，共获取到 4 个商品信息
2025-05-14 18:09:21,184 - utils.page_setting - INFO - hermes - 数据已保存到 E:\pythonProject\outsource\balenciaga_monitor\data\hermes\inventory\balenciaga_inventory_20250514_180921.json
2025-05-14 18:09:21,184 - utils.page_setting - INFO - 已保存4个商品的库存信息到 E:\pythonProject\outsource\balenciaga_monitor\data\hermes\inventory\balenciaga_inventory_20250514_180921.json
2025-05-14 18:09:21,184 - utils.page_setting - INFO - 未检测到库存变化
2025-05-14 18:09:21,184 - utils.page_setting - INFO - 监控结束，关闭浏览器
2025-05-14 18:09:21,184 - utils.page_setting - INFO - hermes - 监控任务完成，日志已保存
2025-05-14 18:09:22,904 - utils.page_setting - INFO - 日志文件已创建: E:\pythonProject\outsource\balenciaga_monitor\logs\mytheresa\mytheresa_20250514_180922.log
2025-05-14 18:09:22,905 - utils.page_setting - INFO - 加载了上次的库存数据: E:\pythonProject\outsource\balenciaga_monitor\data\mytheresa\inventory\balenciaga_inventory_20250513_171224.json
2025-05-14 18:09:22,905 - utils.page_setting - INFO - mytheresa - 库存监控已初始化
2025-05-14 18:09:22,907 - utils.page_setting - INFO - 开始监控 https://api.mytheresa.com/api
2025-05-14 18:09:22,907 - utils.page_setting - INFO - 正在获取商品目录: https://api.mytheresa.com/api
2025-05-14 18:09:24,507 - utils.page_setting - INFO - 找到 16 个商品元素
2025-05-14 18:09:24,508 - utils.page_setting - DEBUG - 找到商品: 'Runner 2.0' sneakers, URL: https://www.julian-fashion.com/en-hk/product/312011/balenciaga/sneakers/runner_20_sneakers
2025-05-14 18:09:24,510 - utils.page_setting - DEBUG - 找到商品: '3XL' sneakers, URL: https://www.julian-fashion.com/en-hk/product/312009/balenciaga/sneakers/3xl_sneakers
2025-05-14 18:09:24,512 - utils.page_setting - DEBUG - 找到商品: 'Track Trail Laces' sneakers, URL: https://www.julian-fashion.com/en-hk/product/312008/balenciaga/sneakers/track_trail_laces_sneakers
2025-05-14 18:09:24,513 - utils.page_setting - DEBUG - 找到商品: 'Runner' sneakers, URL: https://www.julian-fashion.com/en-hk/product/312007/balenciaga/sneakers/runner_sneakers
2025-05-14 18:09:24,514 - utils.page_setting - DEBUG - 找到商品: 'Circuit' sneakers, URL: https://www.julian-fashion.com/en-hk/product/309743/balenciaga/sneakers/circuit_sneakers
2025-05-14 18:09:24,515 - utils.page_setting - DEBUG - 找到商品: '3XL' sneakers, URL: https://www.julian-fashion.com/en-hk/product/309895/balenciaga/sneakers/3xl_sneakers
2025-05-14 18:09:24,516 - utils.page_setting - DEBUG - 找到商品: 'Triple S Sporty' sneakers, URL: https://www.julian-fashion.com/en-hk/product/309894/balenciaga/sneakers/triple_s_sporty_sneakers
2025-05-14 18:09:24,517 - utils.page_setting - DEBUG - 找到商品: 'Triple S Sporty' sneakers, URL: https://www.julian-fashion.com/en-hk/product/309893/balenciaga/sneakers/triple_s_sporty_sneakers
2025-05-14 18:09:24,518 - utils.page_setting - DEBUG - 找到商品: 'Runner' sneakers, URL: https://www.julian-fashion.com/en-hk/product/309892/balenciaga/sneakers/runner_sneakers
2025-05-14 18:09:24,519 - utils.page_setting - DEBUG - 找到商品: 'Circuit' sneakers, URL: https://www.julian-fashion.com/en-hk/product/309891/balenciaga/sneakers/circuit_sneakers
2025-05-14 18:09:24,520 - utils.page_setting - DEBUG - 找到商品: 'Alaska' sabots, URL: https://www.julian-fashion.com/en-hk/product/305111/balenciaga/sabot/alaska_sabots
2025-05-14 18:09:24,521 - utils.page_setting - DEBUG - 找到商品: 'Pool Slide' sandals, URL: https://www.julian-fashion.com/en-hk/product/305110/balenciaga/slides/pool_slide_sandals
2025-05-14 18:09:24,522 - utils.page_setting - DEBUG - 找到商品: '3XL' sneakers, URL: https://www.julian-fashion.com/en-hk/product/303214/balenciaga/sneakers/3xl_sneakers
2025-05-14 18:09:24,523 - utils.page_setting - DEBUG - 找到商品: '3XL' sneakers, URL: https://www.julian-fashion.com/en-hk/product/303275/balenciaga/sneakers/3xl_sneakers
2025-05-14 18:09:24,524 - utils.page_setting - DEBUG - 找到商品: 'Runner' sneakers, URL: https://www.julian-fashion.com/en-hk/product/283942/balenciaga/sneakers/runner_sneakers
2025-05-14 18:09:24,525 - utils.page_setting - DEBUG - 找到商品: 'Track' sneakers, URL: https://www.julian-fashion.com/en-hk/product/250562/balenciaga/sneakers/track_sneakers
2025-05-14 18:09:24,525 - utils.page_setting - INFO - 共解析到 16 个商品
2025-05-14 18:09:24,526 - utils.page_setting - INFO - 监控开始，共获取到 16 个商品信息
2025-05-14 18:09:24,529 - utils.page_setting - INFO - julian - 数据已保存到 E:\pythonProject\outsource\balenciaga_monitor\data\julian\inventory\balenciaga_inventory_20250514_180924.json
2025-05-14 18:09:24,529 - utils.page_setting - INFO - 已保存9个商品的库存信息到 E:\pythonProject\outsource\balenciaga_monitor\data\julian\inventory\balenciaga_inventory_20250514_180924.json
2025-05-14 18:09:24,531 - utils.page_setting - INFO - julian - 数据已保存到 E:\pythonProject\outsource\balenciaga_monitor\data\julian\changes\inventory_changes_20250514_180924.json
2025-05-14 18:09:24,532 - utils.page_setting - INFO - 检测到库存变化: 0个新商品, 0个下架商品, 1个库存变化
2025-05-14 18:09:24,532 - utils.page_setting - INFO - 检测到库存变化，已保存到变更记录
2025-05-14 18:09:24,532 - utils.page_setting - INFO - 监控结束，关闭浏览器
2025-05-14 18:09:24,532 - utils.page_setting - INFO - julian - 监控任务完成，日志已保存
2025-05-14 18:09:24,594 - utils.page_setting - INFO - 找到 88 个商品元素
2025-05-14 18:09:24,594 - utils.page_setting - DEBUG - 开始解析商品目录数据
2025-05-14 18:09:24,595 - utils.page_setting - DEBUG - 找到商品: Sunday leather clogs, URL: https://www.mytheresa.com/mo/en/men/balenciaga-sunday-leather-clogs-black-p00889954
2025-05-14 18:09:24,595 - utils.page_setting - DEBUG - 找到商品: 6XL mesh sneakers, URL: https://www.mytheresa.com/mo/en/men/balenciaga-6xl-mesh-sneakers-multicoloured-p01057371
2025-05-14 18:09:24,595 - utils.page_setting - DEBUG - 找到商品: Track sneakers, URL: https://www.mytheresa.com/mo/en/men/balenciaga-track-sneakers-black-p01032584
2025-05-14 18:09:24,595 - utils.page_setting - DEBUG - 找到商品: Track Trail Laces sneakers, URL: https://www.mytheresa.com/mo/en/men/balenciaga-track-trail-laces-sneakers-orange-p01032586
2025-05-14 18:09:24,596 - utils.page_setting - DEBUG - 找到商品: Monday 3B Sports Icon leather sneakers, URL: https://www.mytheresa.com/mo/en/men/balenciaga-monday-3b-sports-icon-leather-sneakers-black-p01040998
2025-05-14 18:09:24,596 - utils.page_setting - DEBUG - 找到商品: Circuit sneakers, URL: https://www.mytheresa.com/mo/en/men/balenciaga-circuit-sneakers-yellow-p01010155
2025-05-14 18:09:24,596 - utils.page_setting - DEBUG - 找到商品: 3XL chain-detail mesh sneakers, URL: https://www.mytheresa.com/mo/en/men/balenciaga-3xl-chain-detail-mesh-sneakers-grey-p01032583
2025-05-14 18:09:24,597 - utils.page_setting - DEBUG - 找到商品: 3XL sneakers, URL: https://www.mytheresa.com/mo/en/men/balenciaga-3xl-sneakers-white-p00806790
2025-05-14 18:09:24,597 - utils.page_setting - DEBUG - 找到商品: Sunday suede mules, URL: https://www.mytheresa.com/mo/en/men/balenciaga-sunday-suede-mules-brown-p00888846
2025-05-14 18:09:24,597 - utils.page_setting - DEBUG - 找到商品: x Crocs Jibbitz clogs, URL: https://www.mytheresa.com/mo/en/men/balenciaga-x-crocs-jibbitz-clogs-black-p01010123
2025-05-14 18:09:24,597 - utils.page_setting - DEBUG - 找到商品: 3XL sneakers, URL: https://www.mytheresa.com/mo/en/men/balenciaga-3xl-sneakers-multicoloured-p00888849
2025-05-14 18:09:24,598 - utils.page_setting - DEBUG - 找到商品: Runner sneakers, URL: https://www.mytheresa.com/mo/en/men/balenciaga-runner-sneakers-multicoloured-p00963454
2025-05-14 18:09:24,598 - utils.page_setting - DEBUG - 找到商品: Runner sneakers, URL: https://www.mytheresa.com/mo/en/men/balenciaga-runner-sneakers-multicoloured-p00970247
2025-05-14 18:09:24,598 - utils.page_setting - DEBUG - 找到商品: Runner sneakers, URL: https://www.mytheresa.com/mo/en/men/balenciaga-runner-sneakers-grey-p00981020
2025-05-14 18:09:24,598 - utils.page_setting - DEBUG - 找到商品: 10XL sneakers, URL: https://www.mytheresa.com/mo/en/men/balenciaga-10xl-sneakers-grey-p00948315
2025-05-14 18:09:24,598 - utils.page_setting - DEBUG - 找到商品: 3XL sneakers, URL: https://www.mytheresa.com/mo/en/men/balenciaga-3xl-distressed-sneakers-black-p00798279
2025-05-14 18:09:24,599 - utils.page_setting - DEBUG - 找到商品: 3XL Extreme Graffiti sneakers, URL: https://www.mytheresa.com/mo/en/men/balenciaga-3xl-extreme-graffiti-sneakers-multicoloured-p00948306
2025-05-14 18:09:24,599 - utils.page_setting - DEBUG - 找到商品: Bouncer sneakers, URL: https://www.mytheresa.com/mo/en/men/balenciaga-bouncer-sneakers-black-p00798287
2025-05-14 18:09:24,599 - utils.page_setting - DEBUG - 找到商品: Pool logo rubber slides, URL: https://www.mytheresa.com/mo/en/men/balenciaga-pool-logo-rubber-slides-black-p00444559
2025-05-14 18:09:24,600 - utils.page_setting - DEBUG - 找到商品: Monday leather sneakers, URL: https://www.mytheresa.com/mo/en/men/balenciaga-monday-3b-sports-icon-leather-sneakers-white-p01032582
2025-05-14 18:09:24,600 - utils.page_setting - DEBUG - 找到商品: Circuit sneakers, URL: https://www.mytheresa.com/mo/en/men/balenciaga-circuit-sneakers-black-p01010156
2025-05-14 18:09:24,600 - utils.page_setting - DEBUG - 找到商品: Opera leather Derby shoes, URL: https://www.mytheresa.com/mo/en/men/balenciaga-opera-leather-derby-shoes-black-p01010138
2025-05-14 18:09:24,600 - utils.page_setting - DEBUG - 找到商品: Triple S Sporty leather sneakers, URL: https://www.mytheresa.com/mo/en/men/balenciaga-triple-s-sporty-leather-sneakers-black-p01010143
2025-05-14 18:09:24,601 - utils.page_setting - DEBUG - 找到商品: Combat Strike canvas lace-up boots, URL: https://www.mytheresa.com/mo/en/men/balenciaga-strike-canvas-combat-boots-black-p01008910
2025-05-14 18:09:24,601 - utils.page_setting - DEBUG - 找到商品: 3X mesh sneakers, URL: https://www.mytheresa.com/mo/en/men/balenciaga-3x-mesh-sneakers-black-p00971229
2025-05-14 18:09:24,601 - utils.page_setting - DEBUG - 找到商品: Stapler sneakers, URL: https://www.mytheresa.com/mo/en/men/balenciaga-stapler-sneakers-beige-p00971230
2025-05-14 18:09:24,601 - utils.page_setting - DEBUG - 找到商品: Strike leather boots, URL: https://www.mytheresa.com/mo/en/men/balenciaga-strike-leather-boots-black-p00971231
2025-05-14 18:09:24,601 - utils.page_setting - DEBUG - 找到商品: Sunday suede sandals, URL: https://www.mytheresa.com/mo/en/men/balenciaga-sunday-suede-sandals-brown-p00954700
2025-05-14 18:09:24,602 - utils.page_setting - DEBUG - 找到商品: Alaska Fur High suede boots, URL: https://www.mytheresa.com/mo/en/men/balenciaga-alaska-fur-high-suede-boots-black-p00955186
2025-05-14 18:09:24,602 - utils.page_setting - DEBUG - 找到商品: 3XL sneakers, URL: https://www.mytheresa.com/mo/en/men/balenciaga-3xl-sneakers-white-p00963452
2025-05-14 18:09:24,602 - utils.page_setting - DEBUG - 找到商品: 10XL sneakers, URL: https://www.mytheresa.com/mo/en/men/balenciaga-10xl-sneakers-white-p00948313
2025-05-14 18:09:24,602 - utils.page_setting - DEBUG - 找到商品: Sunday leather sandals, URL: https://www.mytheresa.com/mo/en/men/balenciaga-sunday-leather-sandals-black-p00954800
2025-05-14 18:09:24,602 - utils.page_setting - DEBUG - 找到商品: 3XL sneakers, URL: https://www.mytheresa.com/mo/en/men/balenciaga-3xl-sneakers-green-p00906279
2025-05-14 18:09:24,603 - utils.page_setting - DEBUG - 找到商品: Sunday Molded mules, URL: https://www.mytheresa.com/mo/en/men/balenciaga-sunday-molded-mules-black-p00906276
2025-05-14 18:09:24,603 - utils.page_setting - DEBUG - 找到商品: Runner sneakers, URL: https://www.mytheresa.com/mo/en/men/balenciaga-runner-sneakers-white-p00937108
2025-05-14 18:09:24,603 - utils.page_setting - DEBUG - 找到商品: Runner Graffiti printed sneakers, URL: https://www.mytheresa.com/mo/en/men/balenciaga-runner-graffiti-printed-sneakers-black-p00937106
2025-05-14 18:09:24,603 - utils.page_setting - DEBUG - 找到商品: Runner Graffiti distressed sneakers, URL: https://www.mytheresa.com/mo/en/men/balenciaga-runner-graffiti-distressed-sneakers-white-p00937107
2025-05-14 18:09:24,603 - utils.page_setting - DEBUG - 找到商品: Triple S Mold sneakers, URL: https://www.mytheresa.com/mo/en/men/balenciaga-triple-s-mold-sneakers-black-p00856457
2025-05-14 18:09:24,604 - utils.page_setting - DEBUG - 找到商品: Cargo mesh sneakers, URL: https://www.mytheresa.com/mo/en/men/balenciaga-cargo-mesh-sneakers-beige-p00906283
2025-05-14 18:09:24,604 - utils.page_setting - DEBUG - 找到商品: 3XL sneakers, URL: https://www.mytheresa.com/mo/en/men/balenciaga-3xl-sneakers-white-p00906281
2025-05-14 18:09:24,604 - utils.page_setting - DEBUG - 找到商品: 3XL sneakers, URL: https://www.mytheresa.com/mo/en/men/balenciaga-3xl-sneakers-black-p00900180
2025-05-14 18:09:24,604 - utils.page_setting - DEBUG - 找到商品: 3XL sneakers, URL: https://www.mytheresa.com/mo/en/men/balenciaga-worn-out-mesh-sneakers-multicoloured-p00926232
2025-05-14 18:09:24,604 - utils.page_setting - DEBUG - 找到商品: Biker embossed leather knee-high boots, URL: https://www.mytheresa.com/mo/en/men/balenciaga-biker-embossed-leather-knee-high-boots-black-p00859154
2025-05-14 18:09:24,605 - utils.page_setting - DEBUG - 找到商品: Romeo leather slippers, URL: https://www.mytheresa.com/mo/en/men/balenciaga-romeo-leather-slippers-black-p00888848
2025-05-14 18:09:24,605 - utils.page_setting - DEBUG - 找到商品: 3XL sneakers, URL: https://www.mytheresa.com/mo/en/men/balenciaga-3xl-sneakers-multicoloured-p00850977
2025-05-14 18:09:24,605 - utils.page_setting - DEBUG - 找到商品: 3XL ski sneakers, URL: https://www.mytheresa.com/mo/en/men/balenciaga-3xl-ski-sneakers-black-p00896702
2025-05-14 18:09:24,606 - utils.page_setting - DEBUG - 找到商品: Alaska Low snow boots, URL: https://www.mytheresa.com/mo/en/men/balenciaga-alaska-low-snow-boots-black-p00896713
2025-05-14 18:09:24,606 - utils.page_setting - DEBUG - 找到商品: Runner sneakers, URL: https://www.mytheresa.com/mo/en/men/balenciaga-runner-sneakers-multicoloured-p00899058
2025-05-14 18:09:24,606 - utils.page_setting - DEBUG - 找到商品: Bulldozer leather lace-up boots, URL: https://www.mytheresa.com/mo/en/men/balenciaga-bulldozer-leather-lace-up-boots-black-p00850827
2025-05-14 18:09:24,606 - utils.page_setting - DEBUG - 找到商品: 3XL sneakers, URL: https://www.mytheresa.com/mo/en/men/balenciaga-3xl-sneakers-black-p00850983
2025-05-14 18:09:24,606 - utils.page_setting - DEBUG - 找到商品: Steroid Derby shoes, URL: https://www.mytheresa.com/mo/en/men/balenciaga-steroid-derby-shoes-black-p00871950
2025-05-14 18:09:24,607 - utils.page_setting - DEBUG - 找到商品: 3XL sneakers, URL: https://www.mytheresa.com/mo/en/men/balenciaga-3xl-sneakers-white-p00868281
2025-05-14 18:09:24,607 - utils.page_setting - DEBUG - 找到商品: 3XL mesh sneaker mules, URL: https://www.mytheresa.com/mo/en/men/balenciaga-3xl-mesh-sneaker-mules-black-p00856471
2025-05-14 18:09:24,607 - utils.page_setting - DEBUG - 找到商品: Santiago leather boots, URL: https://www.mytheresa.com/mo/en/men/balenciaga-santiago-leather-boots-black-p00827562
2025-05-14 18:09:24,607 - utils.page_setting - DEBUG - 找到商品: Santiago over-the-knee leather boots, URL: https://www.mytheresa.com/mo/en/men/balenciaga-santiago-over-the-knee-leather-boots-black-p00827558
2025-05-14 18:09:24,607 - utils.page_setting - DEBUG - 找到商品: Paris denim slippers, URL: https://www.mytheresa.com/mo/en/men/balenciaga-paris-denim-slippers-blue-p00827591
2025-05-14 18:09:24,608 - utils.page_setting - DEBUG - 找到商品: x Crocs platform slides, URL: https://www.mytheresa.com/mo/en/men/balenciaga-x-crocs-platform-slides-black-p00824969
2025-05-14 18:09:24,608 - utils.page_setting - DEBUG - 找到商品: 3XL mesh sneakers, URL: https://www.mytheresa.com/mo/en/men/balenciaga-3xl-mesh-sneakers-red-p00807230
2025-05-14 18:09:24,608 - utils.page_setting - DEBUG - 找到商品: Leopold satin flats, URL: https://www.mytheresa.com/mo/en/men/balenciaga-leopold-satin-flats-black-p00807241
2025-05-14 18:09:24,608 - utils.page_setting - DEBUG - 找到商品: Technoclog rubber mules, URL: https://www.mytheresa.com/mo/en/men/balenciaga-technoclog-rubber-mules-black-p00807247
2025-05-14 18:09:24,609 - utils.page_setting - DEBUG - 找到商品: Steroid lace-up boots, URL: https://www.mytheresa.com/mo/en/men/balenciaga-steroid-lace-up-boots-blue-p00766853
2025-05-14 18:09:24,609 - utils.page_setting - DEBUG - 找到商品: Track sneakers, URL: https://www.mytheresa.com/mo/en/men/balenciaga-track-sneakers-black-p00766848
2025-05-14 18:09:24,609 - utils.page_setting - DEBUG - 找到商品: Logo leather slippers, URL: https://www.mytheresa.com/mo/en/men/balenciaga-logo-leather-slippers-black-p00777669
2025-05-14 18:09:24,609 - utils.page_setting - DEBUG - 找到商品: Triple S sneakers, URL: https://www.mytheresa.com/mo/en/men/balenciaga-triple-s-sneakers-white-p00747707
2025-05-14 18:09:24,609 - utils.page_setting - DEBUG - 找到商品: Speed Lace-Up sneakers, URL: https://www.mytheresa.com/mo/en/men/balenciaga-speed-lace-up-sneakers-black-p00741990
2025-05-14 18:09:24,610 - utils.page_setting - DEBUG - 找到商品: Speed 2.0 Graffiti sneakers, URL: https://www.mytheresa.com/mo/en/men/balenciaga-speed-2-0-graffiti-sneakers-black-p00741562
2025-05-14 18:09:24,610 - utils.page_setting - DEBUG - 找到商品: Speed 2.0 lace-up sneakers, URL: https://www.mytheresa.com/mo/en/men/balenciaga-speed-2-0-lace-up-sneakers-black-p00721775
2025-05-14 18:09:24,610 - utils.page_setting - DEBUG - 找到商品: Paris canvas low-top sneakers, URL: https://www.mytheresa.com/mo/en/men/balenciaga-paris-canvas-low-top-sneakers-beige-p00725252
2025-05-14 18:09:24,611 - utils.page_setting - DEBUG - 找到商品: Speed 2.0 sneakers, URL: https://www.mytheresa.com/mo/en/men/balenciaga-speed-2-0-sneakers-black-p00721772
2025-05-14 18:09:24,611 - utils.page_setting - DEBUG - 找到商品: Triple S sneakers, URL: https://www.mytheresa.com/mo/en/men/balenciaga-triple-s-sneakers-black-p00721768
2025-05-14 18:09:24,611 - utils.page_setting - DEBUG - 找到商品: Triple S sneakers, URL: https://www.mytheresa.com/mo/en/men/balenciaga-triple-s-sneakers-white-p00700928
2025-05-14 18:09:24,612 - utils.page_setting - DEBUG - 找到商品: Cosy BB leather slippers, URL: https://www.mytheresa.com/mo/en/men/balenciaga-cosy-bb-leather-slippers-black-p00655755
2025-05-14 18:09:24,612 - utils.page_setting - DEBUG - 找到商品: Bouncer mesh sneakers, URL: https://www.mytheresa.com/mo/en/men/balenciaga-defender-mesh-sneakers-black-p00655748
2025-05-14 18:09:24,612 - utils.page_setting - DEBUG - 找到商品: Bouncer mesh sneakers, URL: https://www.mytheresa.com/mo/en/men/balenciaga-defender-sneakers-beige-p00655749
2025-05-14 18:09:24,613 - utils.page_setting - DEBUG - 找到商品: Political Campaign Furry slides, URL: https://www.mytheresa.com/mo/en/men/balenciaga-political-campaign-furry-slides-beige-p00636445
2025-05-14 18:09:24,613 - utils.page_setting - DEBUG - 找到商品: Crocs™ boots, URL: https://www.mytheresa.com/mo/en/men/balenciaga-crocstm-boots-black-p00635908
2025-05-14 18:09:24,613 - utils.page_setting - DEBUG - 找到商品: Track sneakers, URL: https://www.mytheresa.com/mo/en/men/balenciaga-track-sneakers-green-p00585104
2025-05-14 18:09:24,613 - utils.page_setting - DEBUG - 找到商品: Political Campaign Furry slides, URL: https://www.mytheresa.com/mo/en/men/balenciaga-political-campaign-furry-slides-grey-p00585082
2025-05-14 18:09:24,614 - utils.page_setting - DEBUG - 找到商品: Triple S sneakers, URL: https://www.mytheresa.com/mo/en/men/balenciaga-triple-s-sneakers-white-p00585100
2025-05-14 18:09:24,614 - utils.page_setting - DEBUG - 找到商品: Track sneakers, URL: https://www.mytheresa.com/mo/en/men/balenciaga-track-sneakers-beige-p00569596
2025-05-14 18:09:24,614 - utils.page_setting - DEBUG - 找到商品: Pool logo rubber slides, URL: https://www.mytheresa.com/mo/en/men/balenciaga-pool-logo-rubber-slides-beige-p00556511
2025-05-14 18:09:24,615 - utils.page_setting - DEBUG - 找到商品: Track sneakers, URL: https://www.mytheresa.com/mo/en/men/balenciaga-track-sneakers-black-p00513601
2025-05-14 18:09:24,615 - utils.page_setting - DEBUG - 找到商品: Triple S sneakers, URL: https://www.mytheresa.com/mo/en/men/balenciaga-triple-s-sneakers-black-p00486655
2025-05-14 18:09:24,615 - utils.page_setting - DEBUG - 找到商品: Tractor leather boots, URL: https://www.mytheresa.com/mo/en/men/balenciaga-tractor-leather-boots-black-p00493719
2025-05-14 18:09:24,615 - utils.page_setting - DEBUG - 找到商品: Speed sneakers, URL: https://www.mytheresa.com/mo/en/men/balenciaga-speed-sneakers-black-p00458883
2025-05-14 18:09:24,615 - utils.page_setting - DEBUG - 找到商品: Speed 2.0 logo sneakers, URL: https://www.mytheresa.com/mo/en/men/balenciaga-speed-2-0-logo-sneakers-black-p00458886
2025-05-14 18:09:24,616 - utils.page_setting - DEBUG - 找到商品: Alaska High suede boots, URL: https://www.mytheresa.com/mo/en/men/balenciaga-alaska-high-suede-boots-white-p00955188
2025-05-14 18:09:24,616 - utils.page_setting - DEBUG - 找到商品: Cargo mesh sneakers, URL: https://www.mytheresa.com/mo/en/men/balenciaga-cargo-mesh-sneakers-white-p00906284
2025-05-14 18:09:24,616 - utils.page_setting - INFO - 共解析到 88 个商品
2025-05-14 18:09:24,617 - utils.page_setting - INFO - 监控开始，共获取到 88 个商品信息
2025-05-14 18:09:24,620 - utils.page_setting - INFO - mytheresa - 数据已保存到 E:\pythonProject\outsource\balenciaga_monitor\data\mytheresa\inventory\balenciaga_inventory_20250514_180924.json
2025-05-14 18:09:24,620 - utils.page_setting - INFO - 已保存88个商品的库存信息到 E:\pythonProject\outsource\balenciaga_monitor\data\mytheresa\inventory\balenciaga_inventory_20250514_180924.json
2025-05-14 18:09:24,623 - utils.page_setting - INFO - mytheresa - 数据已保存到 E:\pythonProject\outsource\balenciaga_monitor\data\mytheresa\changes\inventory_changes_20250514_180924.json
2025-05-14 18:09:24,623 - utils.page_setting - INFO - 检测到库存变化: 10个新商品, 0个下架商品, 0个库存变化
2025-05-14 18:09:24,623 - utils.page_setting - INFO - 检测到库存变化，已保存到变更记录
2025-05-14 18:09:24,623 - utils.page_setting - INFO - 监控结束，关闭浏览器
2025-05-14 18:09:24,624 - utils.page_setting - INFO - mytheresa - 监控任务完成，日志已保存
2025-05-14 18:09:24,910 - utils.page_setting - INFO - 日志文件已创建: E:\pythonProject\outsource\balenciaga_monitor\logs\sugar\sugar_20250514_180924.log
2025-05-14 18:09:24,911 - utils.page_setting - INFO - 加载了上次的库存数据: E:\pythonProject\outsource\balenciaga_monitor\data\sugar\inventory\balenciaga_inventory_20250512_181249.json
2025-05-14 18:09:24,911 - utils.page_setting - INFO - sugar - 库存监控已初始化
2025-05-14 18:09:24,913 - utils.page_setting - INFO - 开始监控 https://www.sugar.it/en-IT/man/designer/balenciaga/shoes
2025-05-14 18:09:24,913 - utils.page_setting - INFO - 正在获取商品目录: https://www.sugar.it/en-IT/man/designer/balenciaga/shoes
2025-05-14 18:09:26,029 - utils.page_setting - INFO - 找到 2 个商品元素
2025-05-14 18:09:26,030 - utils.page_setting - DEBUG - 找到商品: Replica sneakers, URL: https://www.grifo210.com/en-ww/products/maison-margiela-replica-sneakers-s57ws0505p8153-ha771?_pos=1&_fid=0f836c48a&_ss=c
2025-05-14 18:09:26,031 - utils.page_setting - DEBUG - 找到商品: Replica sneakers, URL: https://www.grifo210.com/en-ww/products/maison-margiela-replica-sneakers-s57ws0236p1895-101?_pos=2&_fid=0f836c48a&_ss=c
2025-05-14 18:09:26,031 - utils.page_setting - INFO - 共解析到 2 个商品
2025-05-14 18:09:26,031 - utils.page_setting - INFO - 监控开始，共获取到 2 个商品信息
2025-05-14 18:09:26,032 - utils.page_setting - INFO - grifo210 - 数据已保存到 E:\pythonProject\outsource\balenciaga_monitor\data\grifo210\inventory\balenciaga_inventory_20250514_180926.json
2025-05-14 18:09:26,032 - utils.page_setting - INFO - 已保存2个商品的库存信息到 E:\pythonProject\outsource\balenciaga_monitor\data\grifo210\inventory\balenciaga_inventory_20250514_180926.json
2025-05-14 18:09:26,035 - utils.page_setting - INFO - grifo210 - 数据已保存到 E:\pythonProject\outsource\balenciaga_monitor\data\grifo210\changes\inventory_changes_20250514_180926.json
2025-05-14 18:09:26,035 - utils.page_setting - INFO - 检测到库存变化: 2个新商品, 2个下架商品, 0个库存变化
2025-05-14 18:09:26,035 - utils.page_setting - INFO - 检测到库存变化，已保存到变更记录
2025-05-14 18:09:26,035 - utils.page_setting - INFO - 监控结束，关闭浏览器
2025-05-14 18:09:26,035 - utils.page_setting - INFO - grifo210 - 监控任务完成，日志已保存
2025-05-14 18:09:26,928 - utils.page_setting - INFO - 日志文件已创建: E:\pythonProject\outsource\balenciaga_monitor\logs\suus\suus_20250514_180926.log
2025-05-14 18:09:26,929 - utils.page_setting - INFO - 加载了上次的库存数据: E:\pythonProject\outsource\balenciaga_monitor\data\suus\inventory\balenciaga_inventory_20250514_174811.json
2025-05-14 18:09:26,930 - utils.page_setting - INFO - suus - 库存监控已初始化
2025-05-14 18:09:26,935 - utils.page_setting - INFO - suus - 浏览器页面已初始化
2025-05-14 18:09:26,935 - utils.page_setting - INFO - 开始监控 https://www.suus.es/product-tag/guidi/
2025-05-14 18:09:26,935 - utils.page_setting - INFO - 正在获取商品目录: https://www.suus.es/product-tag/guidi/
2025-05-14 18:09:27,116 - utils.page_setting - INFO - 找到 10 个商品元素
2025-05-14 18:09:27,117 - utils.page_setting - DEBUG - 找到商品: "Monday Shoe" sneakers, URL: https://www.sugar.it/en-IT/product/181864/balenciaga/sneakers/monday_shoe_sneakers
2025-05-14 18:09:27,118 - utils.page_setting - DEBUG - 找到商品: "Tractor" platform loafers, URL: https://www.sugar.it/en-IT/product/181860/balenciaga/derby_shoes/tractor_platform_loafers
2025-05-14 18:09:27,119 - utils.page_setting - DEBUG - 找到商品: "3XL" sneakers, URL: https://www.sugar.it/en-IT/product/180144/balenciaga/sneakers/3xl_sneakers
2025-05-14 18:09:27,121 - utils.page_setting - DEBUG - 找到商品: "6XL" sneakers, URL: https://www.sugar.it/en-IT/product/180141/balenciaga/sneakers/6xl_sneakers
2025-05-14 18:09:27,122 - utils.page_setting - DEBUG - 找到商品: X Crocs rubber ankle boots™, URL: https://www.sugar.it/en-IT/product/180149/balenciaga/boots/x_crocs_rubber_ankle_bootsT
2025-05-14 18:09:27,123 - utils.page_setting - DEBUG - 找到商品: "Circuit" sneakers, URL: https://www.sugar.it/en-IT/product/180153/balenciaga/sneakers/circuit_sneakers
2025-05-14 18:09:27,123 - utils.page_setting - DEBUG - 找到商品: "3XL" sneakers, URL: https://www.sugar.it/en-IT/product/180140/balenciaga/sneakers/3xl_sneakers
2025-05-14 18:09:27,124 - utils.page_setting - DEBUG - 找到商品: "Circuit" sneakers, URL: https://www.sugar.it/en-IT/product/180152/balenciaga/sneakers/circuit_sneakers
2025-05-14 18:09:27,126 - utils.page_setting - DEBUG - 找到商品: "3XL" sneakers, URL: https://www.sugar.it/en-IT/product/168751/balenciaga/sneakers/3xl_sneakers
2025-05-14 18:09:27,127 - utils.page_setting - DEBUG - 找到商品: Logo slides, URL: https://www.sugar.it/en-IT/product/139120/balenciaga/sandals/logo_slides
2025-05-14 18:09:27,127 - utils.page_setting - INFO - 共解析到 10 个商品
2025-05-14 18:09:27,128 - utils.page_setting - INFO - 监控开始，共获取到 10 个商品信息
2025-05-14 18:09:27,131 - utils.page_setting - INFO - sugar - 数据已保存到 E:\pythonProject\outsource\balenciaga_monitor\data\sugar\inventory\balenciaga_inventory_20250514_180927.json
2025-05-14 18:09:27,131 - utils.page_setting - INFO - 已保存7个商品的库存信息到 E:\pythonProject\outsource\balenciaga_monitor\data\sugar\inventory\balenciaga_inventory_20250514_180927.json
2025-05-14 18:09:27,133 - utils.page_setting - INFO - sugar - 数据已保存到 E:\pythonProject\outsource\balenciaga_monitor\data\sugar\changes\inventory_changes_20250514_180927.json
2025-05-14 18:09:27,134 - utils.page_setting - INFO - 检测到库存变化: 0个新商品, 1个下架商品, 0个库存变化
2025-05-14 18:09:27,134 - utils.page_setting - INFO - 检测到库存变化，已保存到变更记录
2025-05-14 18:09:27,134 - utils.page_setting - INFO - 监控结束，关闭浏览器
2025-05-14 18:09:27,134 - utils.page_setting - INFO - sugar - 监控任务完成，日志已保存
2025-05-14 18:09:33,840 - utils.page_setting - INFO - 找到 12 个商品元素
2025-05-14 18:09:33,842 - utils.page_setting - DEBUG - 找到商品: STAPLER SNEAKER, URL: https://eleonorabonucci.com/en/balenciaga/men/footwear/sneakers/358838
2025-05-14 18:09:33,842 - utils.page_setting - DEBUG - 找到商品: STAPLER SNEAKER, URL: https://eleonorabonucci.com/en/balenciaga/men/footwear/sneakers/359003
2025-05-14 18:09:33,842 - utils.page_setting - DEBUG - 找到商品: SNEAKER 3XL, URL: https://eleonorabonucci.com/en/balenciaga/men/footwear/sneakers/358126
2025-05-14 18:09:33,843 - utils.page_setting - DEBUG - 找到商品: SNEAKER 3XL, URL: https://eleonorabonucci.com/en/balenciaga/men/footwear/sneakers/352208
2025-05-14 18:09:33,843 - utils.page_setting - DEBUG - 找到商品: SNEAKER 3XL, URL: https://eleonorabonucci.com/en/balenciaga/men/footwear/sneakers/354721
2025-05-14 18:09:33,844 - utils.page_setting - DEBUG - 找到商品: SNEAKER 3XL, URL: https://eleonorabonucci.com/en/balenciaga/men/footwear/sneakers/356352
2025-05-14 18:09:33,844 - utils.page_setting - DEBUG - 找到商品: CIRCUIT SNEAKER, URL: https://eleonorabonucci.com/en/balenciaga/men/footwear/sneakers/352935
2025-05-14 18:09:33,847 - utils.page_setting - DEBUG - 找到商品: SNEAKER 3XL, URL: https://eleonorabonucci.com/en/balenciaga/men/footwear/sneakers/333111
2025-05-14 18:09:33,848 - utils.page_setting - DEBUG - 找到商品: SNEAKER TRACK, URL: https://eleonorabonucci.com/en/balenciaga/men/footwear/sneakers/329455
2025-05-14 18:09:33,848 - utils.page_setting - DEBUG - 找到商品: PHANTOM SNEAKER, URL: https://eleonorabonucci.com/en/balenciaga/men/footwear/sneakers/244576
2025-05-14 18:09:33,848 - utils.page_setting - DEBUG - 找到商品: SNEAKER RUNNER, URL: https://eleonorabonucci.com/en/balenciaga/men/footwear/sneakers/244474
2025-05-14 18:09:33,849 - utils.page_setting - DEBUG - 找到商品: SNEAKER TRACK HIKE, URL: https://eleonorabonucci.com/en/balenciaga/men/footwear/sneakers/237063
2025-05-14 18:09:33,849 - utils.page_setting - INFO - 共解析到 12 个商品
2025-05-14 18:09:33,850 - utils.page_setting - INFO - 监控开始，共获取到 12 个商品信息
2025-05-14 18:09:33,850 - utils.page_setting - INFO - 正在获取商品 [1/12]: STAPLER SNEAKER
2025-05-14 18:09:35,046 - utils.page_setting - INFO - 正在获取商品库存信息: https://eleonorabonucci.com/en/balenciaga/men/footwear/sneakers/358838
2025-05-14 18:09:39,819 - utils.page_setting - INFO - 商品名称: STAPLER SNEAKER
2025-05-14 18:09:39,826 - utils.page_setting - INFO - 找到 5 个尺码元素
2025-05-14 18:09:39,827 - utils.page_setting - INFO - 商品 'STAPLER SNEAKER' 共有 4 种尺码
2025-05-14 18:09:39,828 - utils.page_setting - INFO - 尺码: 40, 库存状态: available
2025-05-14 18:09:39,828 - utils.page_setting - INFO - 尺码: 41, 库存状态: available
2025-05-14 18:09:39,828 - utils.page_setting - INFO - 尺码: 42, 库存状态: available
2025-05-14 18:09:39,828 - utils.page_setting - INFO - 尺码: 43, 库存状态: available
2025-05-14 18:09:39,830 - utils.page_setting - INFO - 成功获取商品 'STAPLER SNEAKER' 的库存信息，共 4 种尺码
2025-05-14 18:09:39,831 - utils.page_setting - INFO - 正在获取商品 [2/12]: STAPLER SNEAKER
2025-05-14 18:09:41,737 - utils.page_setting - INFO - 正在获取商品库存信息: https://eleonorabonucci.com/en/balenciaga/men/footwear/sneakers/359003
2025-05-14 18:09:46,860 - utils.page_setting - INFO - 商品名称: STAPLER SNEAKER
2025-05-14 18:09:46,870 - utils.page_setting - INFO - 找到 5 个尺码元素
2025-05-14 18:09:46,871 - utils.page_setting - INFO - 商品 'STAPLER SNEAKER' 共有 4 种尺码
2025-05-14 18:09:46,871 - utils.page_setting - INFO - 尺码: 40, 库存状态: available
2025-05-14 18:09:46,872 - utils.page_setting - INFO - 尺码: 41, 库存状态: available
2025-05-14 18:09:46,872 - utils.page_setting - INFO - 尺码: 42, 库存状态: available
2025-05-14 18:09:46,873 - utils.page_setting - INFO - 尺码: 43, 库存状态: available
2025-05-14 18:09:46,876 - utils.page_setting - INFO - 成功获取商品 'STAPLER SNEAKER' 的库存信息，共 4 种尺码
2025-05-14 18:09:46,877 - utils.page_setting - INFO - 正在获取商品 [3/12]: SNEAKER 3XL
2025-05-14 18:09:48,695 - utils.page_setting - INFO - 正在获取商品库存信息: https://eleonorabonucci.com/en/balenciaga/men/footwear/sneakers/358126
2025-05-14 18:09:53,188 - utils.page_setting - INFO - 商品名称: SNEAKER 3XL
2025-05-14 18:09:53,196 - utils.page_setting - INFO - 找到 5 个尺码元素
2025-05-14 18:09:53,197 - utils.page_setting - INFO - 商品 'SNEAKER 3XL' 共有 4 种尺码
2025-05-14 18:09:53,197 - utils.page_setting - INFO - 尺码: 40, 库存状态: available
2025-05-14 18:09:53,198 - utils.page_setting - INFO - 尺码: 41, 库存状态: available
2025-05-14 18:09:53,198 - utils.page_setting - INFO - 尺码: 42, 库存状态: available
2025-05-14 18:09:53,199 - utils.page_setting - INFO - 尺码: 43, 库存状态: available
2025-05-14 18:09:53,200 - utils.page_setting - INFO - 成功获取商品 'SNEAKER 3XL' 的库存信息，共 4 种尺码
2025-05-14 18:09:53,202 - utils.page_setting - INFO - 正在获取商品 [4/12]: SNEAKER 3XL
2025-05-14 18:09:54,530 - utils.page_setting - INFO - 正在获取商品库存信息: https://eleonorabonucci.com/en/balenciaga/men/footwear/sneakers/352208
2025-05-14 18:09:57,098 - utils.page_setting - INFO - 商品名称: SNEAKER 3XL
2025-05-14 18:09:57,106 - utils.page_setting - INFO - 找到 5 个尺码元素
2025-05-14 18:09:57,106 - utils.page_setting - INFO - 商品 'SNEAKER 3XL' 共有 4 种尺码
2025-05-14 18:09:57,106 - utils.page_setting - INFO - 尺码: 40, 库存状态: available
2025-05-14 18:09:57,107 - utils.page_setting - INFO - 尺码: 41, 库存状态: available
2025-05-14 18:09:57,108 - utils.page_setting - INFO - 尺码: 42, 库存状态: available
2025-05-14 18:09:57,109 - utils.page_setting - INFO - 尺码: 43, 库存状态: available
2025-05-14 18:09:57,111 - utils.page_setting - INFO - 成功获取商品 'SNEAKER 3XL' 的库存信息，共 4 种尺码
2025-05-14 18:09:57,111 - utils.page_setting - INFO - 正在获取商品 [5/12]: SNEAKER 3XL
2025-05-14 18:09:58,093 - utils.page_setting - ERROR - 未找到任何商品列表元素
2025-05-14 18:09:58,093 - utils.page_setting - ERROR - 获取商品目录失败，终止监控
2025-05-14 18:09:59,118 - utils.page_setting - INFO - 监控结束，关闭浏览器
2025-05-14 18:09:59,119 - utils.page_setting - INFO - antonioli - 监控任务完成，日志已保存
2025-05-14 18:09:59,382 - utils.page_setting - INFO - 正在获取商品库存信息: https://eleonorabonucci.com/en/balenciaga/men/footwear/sneakers/354721
2025-05-14 18:09:59,459 - utils.page_setting - ERROR - 未找到任何商品列表元素
2025-05-14 18:09:59,459 - utils.page_setting - ERROR - 获取商品目录失败，终止监控
2025-05-14 18:09:59,459 - utils.page_setting - INFO - 监控结束，关闭浏览器
2025-05-14 18:09:59,460 - utils.page_setting - INFO - suus - 监控任务完成，日志已保存
2025-05-14 18:10:05,275 - utils.page_setting - INFO - 商品名称: SNEAKER 3XL
2025-05-14 18:10:05,283 - utils.page_setting - INFO - 找到 5 个尺码元素
2025-05-14 18:10:05,283 - utils.page_setting - INFO - 商品 'SNEAKER 3XL' 共有 4 种尺码
2025-05-14 18:10:05,283 - utils.page_setting - INFO - 尺码: 40, 库存状态: available
2025-05-14 18:10:05,284 - utils.page_setting - INFO - 尺码: 41, 库存状态: available
2025-05-14 18:10:05,284 - utils.page_setting - INFO - 尺码: 42, 库存状态: available
2025-05-14 18:10:05,284 - utils.page_setting - INFO - 尺码: 43, 库存状态: available
2025-05-14 18:10:05,285 - utils.page_setting - INFO - 成功获取商品 'SNEAKER 3XL' 的库存信息，共 4 种尺码
2025-05-14 18:10:05,285 - utils.page_setting - INFO - 正在获取商品 [6/12]: SNEAKER 3XL
2025-05-14 18:10:07,382 - utils.page_setting - INFO - 正在获取商品库存信息: https://eleonorabonucci.com/en/balenciaga/men/footwear/sneakers/356352
2025-05-14 18:10:12,845 - utils.page_setting - INFO - 商品名称: SNEAKER 3XL
2025-05-14 18:10:12,856 - utils.page_setting - INFO - 找到 4 个尺码元素
2025-05-14 18:10:12,856 - utils.page_setting - INFO - 商品 'SNEAKER 3XL' 共有 3 种尺码
2025-05-14 18:10:12,856 - utils.page_setting - INFO - 尺码: 40, 库存状态: available
2025-05-14 18:10:12,857 - utils.page_setting - INFO - 尺码: 41, 库存状态: available
2025-05-14 18:10:12,857 - utils.page_setting - INFO - 尺码: 43, 库存状态: available
2025-05-14 18:10:12,858 - utils.page_setting - INFO - 成功获取商品 'SNEAKER 3XL' 的库存信息，共 3 种尺码
2025-05-14 18:10:12,859 - utils.page_setting - INFO - 正在获取商品 [7/12]: CIRCUIT SNEAKER
2025-05-14 18:10:15,078 - utils.page_setting - INFO - 正在获取商品库存信息: https://eleonorabonucci.com/en/balenciaga/men/footwear/sneakers/352935
2025-05-14 18:10:21,904 - utils.page_setting - INFO - 商品名称: CIRCUIT SNEAKER
2025-05-14 18:10:21,911 - utils.page_setting - INFO - 找到 7 个尺码元素
2025-05-14 18:10:21,911 - utils.page_setting - INFO - 商品 'CIRCUIT SNEAKER' 共有 6 种尺码
2025-05-14 18:10:21,912 - utils.page_setting - INFO - 尺码: 39, 库存状态: available
2025-05-14 18:10:21,912 - utils.page_setting - INFO - 尺码: 40, 库存状态: available
2025-05-14 18:10:21,912 - utils.page_setting - INFO - 尺码: 41, 库存状态: available
2025-05-14 18:10:21,912 - utils.page_setting - INFO - 尺码: 42, 库存状态: available
2025-05-14 18:10:21,912 - utils.page_setting - INFO - 尺码: 43, 库存状态: available
2025-05-14 18:10:21,913 - utils.page_setting - INFO - 尺码: 44, 库存状态: available
2025-05-14 18:10:21,914 - utils.page_setting - INFO - 成功获取商品 'CIRCUIT SNEAKER' 的库存信息，共 6 种尺码
2025-05-14 18:10:21,914 - utils.page_setting - INFO - 正在获取商品 [8/12]: SNEAKER 3XL
2025-05-14 18:10:24,714 - utils.page_setting - INFO - 正在获取商品库存信息: https://eleonorabonucci.com/en/balenciaga/men/footwear/sneakers/333111
2025-05-14 18:10:27,515 - utils.page_setting - INFO - 商品名称: SNEAKER 3XL
2025-05-14 18:10:27,523 - utils.page_setting - INFO - 找到 1 个尺码元素
2025-05-14 18:10:27,523 - utils.page_setting - INFO - 商品 'SNEAKER 3XL' 共有 1 种尺码
2025-05-14 18:10:27,523 - utils.page_setting - INFO - 尺码: 40, 库存状态: available
2025-05-14 18:10:27,524 - utils.page_setting - INFO - 成功获取商品 'SNEAKER 3XL' 的库存信息，共 1 种尺码
2025-05-14 18:10:27,525 - utils.page_setting - INFO - 正在获取商品 [9/12]: SNEAKER TRACK
2025-05-14 18:10:28,662 - utils.page_setting - INFO - 正在获取商品库存信息: https://eleonorabonucci.com/en/balenciaga/men/footwear/sneakers/329455
2025-05-14 18:10:32,412 - utils.page_setting - INFO - 商品名称: MESH AND NYLON TRACK SNEAKER
2025-05-14 18:10:32,420 - utils.page_setting - INFO - 找到 1 个尺码元素
2025-05-14 18:10:32,420 - utils.page_setting - INFO - 商品 'MESH AND NYLON TRACK SNEAKER' 共有 1 种尺码
2025-05-14 18:10:32,420 - utils.page_setting - INFO - 尺码: 41, 库存状态: available
2025-05-14 18:10:32,422 - utils.page_setting - INFO - 成功获取商品 'SNEAKER TRACK' 的库存信息，共 1 种尺码
2025-05-14 18:10:32,422 - utils.page_setting - INFO - 正在获取商品 [10/12]: PHANTOM SNEAKER
2025-05-14 18:10:34,016 - utils.page_setting - INFO - 正在获取商品库存信息: https://eleonorabonucci.com/en/balenciaga/men/footwear/sneakers/244576
2025-05-14 18:10:52,708 - utils.page_setting - INFO - 商品名称: PHANTOM MESH SNEAKER
2025-05-14 18:10:52,715 - utils.page_setting - INFO - 找到 1 个尺码元素
2025-05-14 18:10:52,715 - utils.page_setting - INFO - 商品 'PHANTOM MESH SNEAKER' 共有 1 种尺码
2025-05-14 18:10:52,715 - utils.page_setting - INFO - 尺码: 45, 库存状态: available
2025-05-14 18:10:52,717 - utils.page_setting - INFO - 成功获取商品 'PHANTOM SNEAKER' 的库存信息，共 1 种尺码
2025-05-14 18:10:52,717 - utils.page_setting - INFO - 正在获取商品 [11/12]: SNEAKER RUNNER
2025-05-14 18:10:53,903 - utils.page_setting - INFO - 正在获取商品库存信息: https://eleonorabonucci.com/en/balenciaga/men/footwear/sneakers/244474
2025-05-14 18:10:57,193 - utils.page_setting - INFO - 商品名称: MESH AND NYLON RUNNER SNEAKER
2025-05-14 18:10:57,200 - utils.page_setting - INFO - 找到 4 个尺码元素
2025-05-14 18:10:57,201 - utils.page_setting - INFO - 商品 'MESH AND NYLON RUNNER SNEAKER' 共有 3 种尺码
2025-05-14 18:10:57,201 - utils.page_setting - INFO - 尺码: 39, 库存状态: available
2025-05-14 18:10:57,202 - utils.page_setting - INFO - 尺码: 40, 库存状态: available
2025-05-14 18:10:57,202 - utils.page_setting - INFO - 尺码: 42, 库存状态: available
2025-05-14 18:10:57,203 - utils.page_setting - INFO - 成功获取商品 'SNEAKER RUNNER' 的库存信息，共 3 种尺码
2025-05-14 18:10:57,203 - utils.page_setting - INFO - 正在获取商品 [12/12]: SNEAKER TRACK HIKE
2025-05-14 18:10:59,937 - utils.page_setting - INFO - 正在获取商品库存信息: https://eleonorabonucci.com/en/balenciaga/men/footwear/sneakers/237063
2025-05-14 18:11:04,265 - utils.page_setting - INFO - 商品名称: SNEAKER TRACK HIKE
2025-05-14 18:11:04,271 - utils.page_setting - INFO - 找到 1 个尺码元素
2025-05-14 18:11:04,271 - utils.page_setting - INFO - 商品 'SNEAKER TRACK HIKE' 共有 1 种尺码
2025-05-14 18:11:04,273 - utils.page_setting - INFO - 尺码: 39, 库存状态: available
2025-05-14 18:11:04,274 - utils.page_setting - INFO - 成功获取商品 'SNEAKER TRACK HIKE' 的库存信息，共 1 种尺码
2025-05-14 18:11:04,274 - utils.page_setting - INFO - 库存信息获取完成，成功: 12/12
2025-05-14 18:11:04,277 - utils.page_setting - INFO - eleonora_bonucci - 数据已保存到 E:\pythonProject\outsource\balenciaga_monitor\data\eleonora_bonucci\inventory\balenciaga_inventory_20250514_181104.json
2025-05-14 18:11:04,277 - utils.page_setting - INFO - 已保存12个商品的库存信息到 E:\pythonProject\outsource\balenciaga_monitor\data\eleonora_bonucci\inventory\balenciaga_inventory_20250514_181104.json
2025-05-14 18:11:04,279 - utils.page_setting - INFO - eleonora_bonucci - 数据已保存到 E:\pythonProject\outsource\balenciaga_monitor\data\eleonora_bonucci\changes\inventory_changes_20250514_181104.json
2025-05-14 18:11:04,279 - utils.page_setting - INFO - 检测到库存变化: 1个新商品, 0个下架商品, 0个库存变化
2025-05-14 18:11:04,280 - utils.page_setting - INFO - 检测到库存变化，已保存到变更记录
2025-05-14 18:11:04,282 - utils.page_setting - INFO - eleonora_bonucci - 数据已保存到 E:\pythonProject\outsource\balenciaga_monitor\data\eleonora_bonucci\summary\inventory_summary_eleonora_bonucci_20250514_181104.txt
2025-05-14 18:11:04,283 - utils.page_setting - INFO - eleonora_bonucci - 数据已保存到 E:\pythonProject\outsource\balenciaga_monitor\data\eleonora_bonucci\json_summary\inventory_summary_20250514_181104.json
2025-05-14 18:11:04,284 - utils.page_setting - INFO - 监控结束，关闭浏览器
2025-05-14 18:11:04,284 - utils.page_setting - INFO - eleonora_bonucci - 监控任务完成，日志已保存
2025-05-14 18:19:29,642 - utils.page_setting - INFO - 日志文件已创建: E:\pythonProject\outsource\balenciaga_monitor\logs\antonioli\antonioli_20250514_181929.log
2025-05-14 18:19:29,644 - utils.page_setting - INFO - 加载了上次的库存数据: E:\pythonProject\outsource\balenciaga_monitor\data\antonioli\inventory\balenciaga_inventory_20250514_181848.json
2025-05-14 18:19:29,644 - utils.page_setting - INFO - antonioli - 库存监控已初始化
2025-05-14 18:19:30,817 - utils.page_setting - INFO - antonioli - 浏览器页面已初始化
2025-05-14 18:19:30,817 - utils.page_setting - INFO - 开始监控 https://antonioli.eu/en-us/collections/designer-balenciaga/man?grid-switcher=4&filter.p.m.elastick.department=SHOES&filter.v.price.gte=&filter.v.price.lte=
2025-05-14 18:19:30,817 - utils.page_setting - INFO - 正在获取商品目录: https://antonioli.eu/en-us/collections/designer-balenciaga/man?grid-switcher=4&filter.p.m.elastick.department=SHOES&filter.v.price.gte=&filter.v.price.lte=
2025-05-14 18:19:31,656 - utils.page_setting - INFO - 日志文件已创建: E:\pythonProject\outsource\balenciaga_monitor\logs\duomo\duomo_20250514_181931.log
2025-05-14 18:19:31,657 - utils.page_setting - INFO - 加载了上次的库存数据: E:\pythonProject\outsource\balenciaga_monitor\data\duomo\inventory\balenciaga_inventory_20250514_180911.json
2025-05-14 18:19:31,657 - utils.page_setting - INFO - duomo - 库存监控已初始化
2025-05-14 18:19:31,657 - utils.page_setting - INFO - 开始监控 https://www.ilduomo.it/api/categoryProducts
2025-05-14 18:19:31,658 - utils.page_setting - INFO - 正在获取商品目录: https://www.ilduomo.it/api/categoryProducts
