2025-05-14 00:23:54,831 - utils.page_setting - INFO - 日志文件已创建: E:\pythonProject\outsource\balenciaga_monitor\logs\rickowens\rickowens_20250514_002354.log
2025-05-14 00:23:54,831 - utils.page_setting - INFO - 未找到历史库存数据目录: E:\pythonProject\outsource\balenciaga_monitor\data\rickowens\inventory
2025-05-14 00:23:54,831 - utils.page_setting - INFO - rickowens - 库存监控已初始化
2025-05-14 00:23:57,107 - utils.page_setting - INFO - rickowens - 浏览器页面已初始化
2025-05-14 00:23:57,107 - utils.page_setting - INFO - 开始监控 https://www.rickowens.eu/en/MO/search?f%5Bcategories%5D%5B%5D=60&gender=men&q=HOLLYWOOD
2025-05-14 00:23:57,107 - utils.page_setting - INFO - 正在获取商品目录: https://www.rickowens.eu/en/MO/search?f%5Bcategories%5D%5B%5D=60&gender=men&q=HOLLYWOOD
2025-05-14 00:24:01,838 - utils.page_setting - INFO - 找到 52 个商品元素
2025-05-14 00:24:01,841 - utils.page_setting - DEBUG - 找到商品: RICK OWENS, URL: https://www.rickowens.eu/en/MO/men/products/rr01e5843lslch0-810
2025-05-14 00:24:01,842 - utils.page_setting - DEBUG - 找到商品: RICK OWENS, URL: https://www.rickowens.eu/en/MO/men/products/rr01e5843lslvs0-340
2025-05-14 00:24:01,843 - utils.page_setting - DEBUG - 找到商品: RICK OWENS, URL: https://www.rickowens.eu/en/MO/men/products/rr01e5843lslvs0-410
2025-05-14 00:24:01,844 - utils.page_setting - DEBUG - 找到商品: RICK OWENS, URL: https://www.rickowens.eu/en/MO/men/products/rr01e5855lco-1111
2025-05-14 00:24:01,845 - utils.page_setting - DEBUG - 找到商品: RICK OWENS, URL: https://www.rickowens.eu/en/MO/men/products/rr01e5855lco-34341
2025-05-14 00:24:01,846 - utils.page_setting - DEBUG - 找到商品: RICK OWENS, URL: https://www.rickowens.eu/en/MO/men/products/rr01e5855lco-911
2025-05-14 00:24:01,847 - utils.page_setting - DEBUG - 找到商品: RICK OWENS, URL: https://www.rickowens.eu/en/MO/men/products/rr01e5855lco-999
2025-05-14 00:24:01,848 - utils.page_setting - DEBUG - 找到商品: RICK OWENS, URL: https://www.rickowens.eu/en/MO/men/products/rr01e5865lba-411
2025-05-14 00:24:01,849 - utils.page_setting - DEBUG - 找到商品: RICK OWENS, URL: https://www.rickowens.eu/en/MO/men/products/rr01e5891lch-8111
2025-05-14 00:24:01,850 - utils.page_setting - DEBUG - 找到商品: RICK OWENS, URL: https://www.rickowens.eu/en/MO/men/products/rr01e5894lct-34341
2025-05-14 00:24:01,851 - utils.page_setting - DEBUG - 找到商品: RICK OWENS, URL: https://www.rickowens.eu/en/MO/men/products/rr01e5897lchlvs-8111
2025-05-14 00:24:01,852 - utils.page_setting - DEBUG - 找到商品: RICK OWENS, URL: https://www.rickowens.eu/en/MO/men/products/ru01e5809lbypa-09
2025-05-14 00:24:01,853 - utils.page_setting - DEBUG - 找到商品: RICK OWENS, URL: https://www.rickowens.eu/en/MO/men/products/ru01e5809lhlm-68
2025-05-14 00:24:01,854 - utils.page_setting - DEBUG - 找到商品: RICK OWENS, URL: https://www.rickowens.eu/en/MO/men/products/ru01e5812lvsw1-151
2025-05-14 00:24:01,854 - utils.page_setting - DEBUG - 找到商品: RICK OWENS, URL: https://www.rickowens.eu/en/MO/men/products/ru01e5813loow1-09
2025-05-14 00:24:01,856 - utils.page_setting - DEBUG - 找到商品: RICK OWENS, URL: https://www.rickowens.eu/en/MO/men/products/ru01e5814lco-111111
2025-05-14 00:24:01,856 - utils.page_setting - DEBUG - 找到商品: RICK OWENS, URL: https://www.rickowens.eu/en/MO/men/products/ru01e5814lco-9191
2025-05-14 00:24:01,858 - utils.page_setting - DEBUG - 找到商品: RICK OWENS, URL: https://www.rickowens.eu/en/MO/men/products/ru01e5820lgy-09
2025-05-14 00:24:01,858 - utils.page_setting - DEBUG - 找到商品: RICK OWENS, URL: https://www.rickowens.eu/en/MO/men/products/ru01e5825loogr0-140
2025-05-14 00:24:01,859 - utils.page_setting - DEBUG - 找到商品: RICK OWENS, URL: https://www.rickowens.eu/en/MO/men/products/ru01e5828loo-09
2025-05-14 00:24:01,860 - utils.page_setting - DEBUG - 找到商品: RICK OWENS, URL: https://www.rickowens.eu/en/MO/men/products/ru01e5832loo-99
2025-05-14 00:24:01,862 - utils.page_setting - DEBUG - 找到商品: RICK OWENS, URL: https://www.rickowens.eu/en/MO/men/products/ru01e5848loogr-09
2025-05-14 00:24:01,864 - utils.page_setting - DEBUG - 找到商品: RICK OWENS, URL: https://www.rickowens.eu/en/MO/men/products/ru01e5850lge-09
2025-05-14 00:24:01,864 - utils.page_setting - DEBUG - 找到商品: RICK OWENS, URL: https://www.rickowens.eu/en/MO/men/products/ru01e5851loo-09
2025-05-14 00:24:01,866 - utils.page_setting - DEBUG - 找到商品: RICK OWENS, URL: https://www.rickowens.eu/en/MO/men/products/ru01e5851loo-14
2025-05-14 00:24:01,867 - utils.page_setting - DEBUG - 找到商品: RICK OWENS, URL: https://www.rickowens.eu/en/MO/men/products/ru01e5854loo-09
2025-05-14 00:24:01,867 - utils.page_setting - DEBUG - 找到商品: RICK OWENS, URL: https://www.rickowens.eu/en/MO/men/products/ru01e5855lco-911
2025-05-14 00:24:01,868 - utils.page_setting - DEBUG - 找到商品: RICK OWENS, URL: https://www.rickowens.eu/en/MO/men/products/ru01e5855lco-999
2025-05-14 00:24:01,869 - utils.page_setting - DEBUG - 找到商品: RICK OWENS, URL: https://www.rickowens.eu/en/MO/men/products/ru01e5859lco-911
2025-05-14 00:24:01,870 - utils.page_setting - DEBUG - 找到商品: RICK OWENS, URL: https://www.rickowens.eu/en/MO/men/products/ru01e5860lbh-8181
2025-05-14 00:24:01,871 - utils.page_setting - DEBUG - 找到商品: RICK OWENS, URL: https://www.rickowens.eu/en/MO/men/products/ru01e5860loo-99
2025-05-14 00:24:01,872 - utils.page_setting - DEBUG - 找到商品: RICK OWENS, URL: https://www.rickowens.eu/en/MO/men/products/ru01e5864loo-99
2025-05-14 00:24:01,873 - utils.page_setting - DEBUG - 找到商品: RICK OWENS, URL: https://www.rickowens.eu/en/MO/men/products/ru01e5866loo-99
2025-05-14 00:24:01,873 - utils.page_setting - DEBUG - 找到商品: RICK OWENS, URL: https://www.rickowens.eu/en/MO/men/products/ru01e5867loow1-99
2025-05-14 00:24:01,874 - utils.page_setting - DEBUG - 找到商品: RICK OWENS, URL: https://www.rickowens.eu/en/MO/men/products/ru01e5868lco-911
2025-05-14 00:24:01,875 - utils.page_setting - DEBUG - 找到商品: RICK OWENS, URL: https://www.rickowens.eu/en/MO/men/products/ru01e5869lge-09
2025-05-14 00:24:01,876 - utils.page_setting - DEBUG - 找到商品: RICK OWENS, URL: https://www.rickowens.eu/en/MO/men/products/ru01e5869lge-34
2025-05-14 00:24:01,877 - utils.page_setting - DEBUG - 找到商品: RICK OWENS, URL: https://www.rickowens.eu/en/MO/men/products/ru01e5874loo-09
2025-05-14 00:24:01,878 - utils.page_setting - DEBUG - 找到商品: RICK OWENS, URL: https://www.rickowens.eu/en/MO/men/products/ru01e5875loo-09
2025-05-14 00:24:01,879 - utils.page_setting - DEBUG - 找到商品: RICK OWENS, URL: https://www.rickowens.eu/en/MO/men/products/ru01e5878loo-09
2025-05-14 00:24:01,880 - utils.page_setting - DEBUG - 找到商品: RICK OWENS, URL: https://www.rickowens.eu/en/MO/men/products/ru01e5881lwn-99
2025-05-14 00:24:01,881 - utils.page_setting - DEBUG - 找到商品: RICK OWENS, URL: https://www.rickowens.eu/en/MO/men/products/ru01e5884lge-99
2025-05-14 00:24:01,882 - utils.page_setting - DEBUG - 找到商品: RICK OWENS, URL: https://www.rickowens.eu/en/MO/men/products/ru01e5886lvsw1-411
2025-05-14 00:24:01,883 - utils.page_setting - DEBUG - 找到商品: RICK OWENS, URL: https://www.rickowens.eu/en/MO/men/products/ru01e5888lco-91
2025-05-14 00:24:01,884 - utils.page_setting - DEBUG - 找到商品: RICK OWENS, URL: https://www.rickowens.eu/en/MO/men/products/ru01e5890lco-6611
2025-05-14 00:24:01,885 - utils.page_setting - DEBUG - 找到商品: RICK OWENS, URL: https://www.rickowens.eu/en/MO/men/products/ru01e5890lco-911
2025-05-14 00:24:01,886 - utils.page_setting - DEBUG - 找到商品: RICK OWENS, URL: https://www.rickowens.eu/en/MO/men/products/ru01e5890lgy-1511
2025-05-14 00:24:01,887 - utils.page_setting - DEBUG - 找到商品: RICK OWENS, URL: https://www.rickowens.eu/en/MO/men/products/ru01e5891lco-3411
2025-05-14 00:24:01,889 - utils.page_setting - DEBUG - 找到商品: RICK OWENS, URL: https://www.rickowens.eu/en/MO/men/products/ru01e5891lco-911
2025-05-14 00:24:01,890 - utils.page_setting - DEBUG - 找到商品: RICK OWENS, URL: https://www.rickowens.eu/en/MO/men/products/ru01e5891lvs-6411
2025-05-14 00:24:01,891 - utils.page_setting - DEBUG - 找到商品: RICK OWENS, URL: https://www.rickowens.eu/en/MO/men/products/ru01e5892llppw2-911
2025-05-14 00:24:01,893 - utils.page_setting - DEBUG - 找到商品: RICK OWENS, URL: https://www.rickowens.eu/en/MO/men/products/ru01e5893lcow2-911
2025-05-14 00:24:01,893 - utils.page_setting - INFO - 共解析到 52 个商品
2025-05-14 00:24:01,895 - utils.page_setting - INFO - 监控开始，共获取到 52 个商品信息
2025-05-14 00:24:01,897 - utils.page_setting - INFO - rickowens - 数据已保存到 E:\pythonProject\outsource\balenciaga_monitor\data\rickowens\inventory\balenciaga_inventory_20250514_002401.json
2025-05-14 00:24:01,898 - utils.page_setting - INFO - 已保存52个商品的库存信息到 E:\pythonProject\outsource\balenciaga_monitor\data\rickowens\inventory\balenciaga_inventory_20250514_002401.json
2025-05-14 00:24:01,898 - utils.page_setting - INFO - 没有历史库存数据，无法检测变化
2025-05-14 00:24:02,936 - utils.page_setting - INFO - 监控结束，关闭浏览器
2025-05-14 00:24:02,936 - utils.page_setting - INFO - rickowens - 监控任务完成，日志已保存
