2025-05-14 02:21:48,682 - utils.page_setting - INFO - 日志文件已创建: E:\pythonProject\outsource\balenciaga_monitor\logs\hermes\hermes_20250514_022148.log
2025-05-14 02:21:48,683 - utils.page_setting - INFO - 未找到历史库存数据目录: E:\pythonProject\outsource\balenciaga_monitor\data\hermes\inventory
2025-05-14 02:21:48,683 - utils.page_setting - INFO - hermes - 库存监控已初始化
2025-05-14 02:21:48,684 - utils.page_setting - INFO - 开始监控 https://www.hermes.com/hk/en/category/women/bags-and-small-leather-goods/bags-and-clutches/
2025-05-14 02:21:48,685 - utils.page_setting - INFO - 正在获取商品目录: https://www.hermes.com/hk/en/category/women/bags-and-small-leather-goods/bags-and-clutches/
2025-05-14 02:21:49,849 - utils.page_setting - INFO - 找到 4 个商品元素
2025-05-14 02:21:49,850 - utils.page_setting - WARNING - 解析单个商品时出错: 
没有找到元素。
方法: s_ele()
参数: {'locator': 'x://span[@class="product-item-name paragraph-medium"]', 'index': 1, 'timeout': 10}
版本: 4.1.0.17
2025-05-14 02:21:49,851 - utils.page_setting - WARNING - 解析单个商品时出错: 
没有找到元素。
方法: s_ele()
参数: {'locator': 'x://span[@class="product-item-name paragraph-medium"]', 'index': 1, 'timeout': 10}
版本: 4.1.0.17
2025-05-14 02:21:49,851 - utils.page_setting - WARNING - 解析单个商品时出错: 
没有找到元素。
方法: s_ele()
参数: {'locator': 'x://span[@class="product-item-name paragraph-medium"]', 'index': 1, 'timeout': 10}
版本: 4.1.0.17
2025-05-14 02:21:49,851 - utils.page_setting - WARNING - 解析单个商品时出错: 
没有找到元素。
方法: s_ele()
参数: {'locator': 'x://span[@class="product-item-name paragraph-medium"]', 'index': 1, 'timeout': 10}
版本: 4.1.0.17
2025-05-14 02:21:49,851 - utils.page_setting - INFO - 共解析到 0 个商品
2025-05-14 02:21:49,852 - utils.page_setting - ERROR - 获取商品目录失败，终止监控
2025-05-14 02:21:49,852 - utils.page_setting - INFO - 监控结束，关闭浏览器
2025-05-14 02:21:49,852 - utils.page_setting - INFO - hermes - 监控任务完成，日志已保存
