2025-05-15 03:28:50,381 - INFO - [eleonora_bonucci] - 日志文件已创建: E:\pythonProject\outsource\balenciaga_monitor\logs\eleonora_bonucci\eleonora_bonucci_20250515_032850.log
2025-05-15 03:28:50,383 - INFO - [eleonora_bonucci] - 加载了上次的库存数据: E:\pythonProject\outsource\balenciaga_monitor\data\eleonora_bonucci\inventory\balenciaga_inventory_20250514_183553.json
2025-05-15 03:28:50,383 - INFO - [eleonora_bonucci] - eleonora_bonucci - 库存监控已初始化
2025-05-15 03:28:50,384 - INFO - [eleonora_bonucci] - 开始监控 https://eleonorabonucci.com/en/balenciaga/men?&f=eyJPcmRpbmFtZW50byI6MCwiQ2F0ZWdvcnkiOls1Ml0sIkJyYW5kIjpbXSwiQ29sb3IiOltdLCJTaXplIjpbXSwiVGFnbGlhIjpbXSwiU2FsZGkiOmZhbHNlLCJOdW92YUNvbGxlemlvbmUiOnRydWUsIktpZHNNZW4iOnRydWUsIktpZHNXb21lbiI6dHJ1ZSwiU2l6ZUtpZHMiOjAsIlNlcXVlbnphIjpbeyJGaWx0cm8iOjEsIlZhbG9yZSI6NTIsIkV2ZW50IjoiXC9EYXRlKDE3NDQxOTQ4NzQ1ODgpXC8ifV0sIkxibEZpbHRyb0tpZHNNb2JpbGUiOm51bGwsIkxibEZpbHRyb1NpemVLaWRzTW9iaWxlIjpudWxsfQ==
2025-05-15 03:28:50,384 - INFO - [eleonora_bonucci] - 正在获取商品目录: https://eleonorabonucci.com/en/balenciaga/men?&f=eyJPcmRpbmFtZW50byI6MCwiQ2F0ZWdvcnkiOls1Ml0sIkJyYW5kIjpbXSwiQ29sb3IiOltdLCJTaXplIjpbXSwiVGFnbGlhIjpbXSwiU2FsZGkiOmZhbHNlLCJOdW92YUNvbGxlemlvbmUiOnRydWUsIktpZHNNZW4iOnRydWUsIktpZHNXb21lbiI6dHJ1ZSwiU2l6ZUtpZHMiOjAsIlNlcXVlbnphIjpbeyJGaWx0cm8iOjEsIlZhbG9yZSI6NTIsIkV2ZW50IjoiXC9EYXRlKDE3NDQxOTQ4NzQ1ODgpXC8ifV0sIkxibEZpbHRyb0tpZHNNb2JpbGUiOm51bGwsIkxibEZpbHRyb1NpemVLaWRzTW9iaWxlIjpudWxsfQ==
2025-05-15 03:28:53,489 - INFO - [eleonora_bonucci] - 找到 9 个商品元素
2025-05-15 03:28:53,489 - DEBUG - [eleonora_bonucci] - 找到商品: STAPLER SNEAKER, URL: https://eleonorabonucci.com/en/balenciaga/men/footwear/sneakers/358838
2025-05-15 03:28:53,490 - DEBUG - [eleonora_bonucci] - 找到商品: STAPLER SNEAKER, URL: https://eleonorabonucci.com/en/balenciaga/men/footwear/sneakers/359003
2025-05-15 03:28:53,490 - DEBUG - [eleonora_bonucci] - 找到商品: SNEAKER 3XL, URL: https://eleonorabonucci.com/en/balenciaga/men/footwear/sneakers/356352
2025-05-15 03:28:53,490 - DEBUG - [eleonora_bonucci] - 找到商品: CIRCUIT SNEAKER, URL: https://eleonorabonucci.com/en/balenciaga/men/footwear/sneakers/352935
2025-05-15 03:28:53,490 - DEBUG - [eleonora_bonucci] - 找到商品: SNEAKER 3XL, URL: https://eleonorabonucci.com/en/balenciaga/men/footwear/sneakers/333111
2025-05-15 03:28:53,491 - DEBUG - [eleonora_bonucci] - 找到商品: SNEAKER TRACK, URL: https://eleonorabonucci.com/en/balenciaga/men/footwear/sneakers/329455
2025-05-15 03:28:53,491 - DEBUG - [eleonora_bonucci] - 找到商品: PHANTOM SNEAKER, URL: https://eleonorabonucci.com/en/balenciaga/men/footwear/sneakers/244576
2025-05-15 03:28:53,491 - DEBUG - [eleonora_bonucci] - 找到商品: SNEAKER RUNNER, URL: https://eleonorabonucci.com/en/balenciaga/men/footwear/sneakers/244474
2025-05-15 03:28:53,492 - DEBUG - [eleonora_bonucci] - 找到商品: SNEAKER TRACK HIKE, URL: https://eleonorabonucci.com/en/balenciaga/men/footwear/sneakers/237063
2025-05-15 03:28:53,492 - INFO - [eleonora_bonucci] - 共解析到 9 个商品
2025-05-15 03:28:53,492 - INFO - [eleonora_bonucci] - 监控开始，共获取到 9 个商品信息
2025-05-15 03:28:53,492 - INFO - [eleonora_bonucci] - 正在获取商品 [1/9]: STAPLER SNEAKER
2025-05-15 03:28:54,761 - INFO - [eleonora_bonucci] - 正在获取商品库存信息: https://eleonorabonucci.com/en/balenciaga/men/footwear/sneakers/358838
2025-05-15 03:28:57,819 - INFO - [eleonora_bonucci] - 商品名称: STAPLER SNEAKER
2025-05-15 03:28:57,827 - INFO - [eleonora_bonucci] - 找到 5 个尺码元素
2025-05-15 03:28:57,827 - INFO - [eleonora_bonucci] - 商品 'STAPLER SNEAKER' 共有 4 种尺码
2025-05-15 03:28:57,827 - INFO - [eleonora_bonucci] - 尺码: 40, 库存状态: available
2025-05-15 03:28:57,827 - INFO - [eleonora_bonucci] - 尺码: 41, 库存状态: available
2025-05-15 03:28:57,827 - INFO - [eleonora_bonucci] - 尺码: 42, 库存状态: available
2025-05-15 03:28:57,827 - INFO - [eleonora_bonucci] - 尺码: 43, 库存状态: available
2025-05-15 03:28:57,829 - INFO - [eleonora_bonucci] - 成功获取商品 'STAPLER SNEAKER' 的库存信息，共 4 种尺码
2025-05-15 03:28:57,829 - INFO - [eleonora_bonucci] - 正在获取商品 [2/9]: STAPLER SNEAKER
2025-05-15 03:28:59,504 - INFO - [eleonora_bonucci] - 正在获取商品库存信息: https://eleonorabonucci.com/en/balenciaga/men/footwear/sneakers/359003
2025-05-15 03:29:02,770 - INFO - [eleonora_bonucci] - 商品名称: STAPLER SNEAKER
2025-05-15 03:29:02,777 - INFO - [eleonora_bonucci] - 找到 5 个尺码元素
2025-05-15 03:29:02,777 - INFO - [eleonora_bonucci] - 商品 'STAPLER SNEAKER' 共有 4 种尺码
2025-05-15 03:29:02,777 - INFO - [eleonora_bonucci] - 尺码: 40, 库存状态: available
2025-05-15 03:29:02,778 - INFO - [eleonora_bonucci] - 尺码: 41, 库存状态: available
2025-05-15 03:29:02,778 - INFO - [eleonora_bonucci] - 尺码: 42, 库存状态: available
2025-05-15 03:29:02,778 - INFO - [eleonora_bonucci] - 尺码: 43, 库存状态: available
2025-05-15 03:29:02,779 - INFO - [eleonora_bonucci] - 成功获取商品 'STAPLER SNEAKER' 的库存信息，共 4 种尺码
2025-05-15 03:29:02,779 - INFO - [eleonora_bonucci] - 正在获取商品 [3/9]: SNEAKER 3XL
2025-05-15 03:29:04,626 - INFO - [eleonora_bonucci] - 正在获取商品库存信息: https://eleonorabonucci.com/en/balenciaga/men/footwear/sneakers/356352
2025-05-15 03:29:08,702 - INFO - [eleonora_bonucci] - 商品名称: SNEAKER 3XL
2025-05-15 03:29:08,711 - INFO - [eleonora_bonucci] - 找到 4 个尺码元素
2025-05-15 03:29:08,711 - INFO - [eleonora_bonucci] - 商品 'SNEAKER 3XL' 共有 3 种尺码
2025-05-15 03:29:08,711 - INFO - [eleonora_bonucci] - 尺码: 40, 库存状态: available
2025-05-15 03:29:08,711 - INFO - [eleonora_bonucci] - 尺码: 41, 库存状态: available
2025-05-15 03:29:08,712 - INFO - [eleonora_bonucci] - 尺码: 43, 库存状态: available
2025-05-15 03:29:08,713 - INFO - [eleonora_bonucci] - 成功获取商品 'SNEAKER 3XL' 的库存信息，共 3 种尺码
2025-05-15 03:29:08,713 - INFO - [eleonora_bonucci] - 正在获取商品 [4/9]: CIRCUIT SNEAKER
2025-05-15 03:29:11,197 - INFO - [eleonora_bonucci] - 正在获取商品库存信息: https://eleonorabonucci.com/en/balenciaga/men/footwear/sneakers/352935
2025-05-15 03:29:14,540 - INFO - [eleonora_bonucci] - 商品名称: CIRCUIT SNEAKER
2025-05-15 03:29:14,548 - INFO - [eleonora_bonucci] - 找到 7 个尺码元素
2025-05-15 03:29:14,548 - INFO - [eleonora_bonucci] - 商品 'CIRCUIT SNEAKER' 共有 6 种尺码
2025-05-15 03:29:14,548 - INFO - [eleonora_bonucci] - 尺码: 39, 库存状态: available
2025-05-15 03:29:14,548 - INFO - [eleonora_bonucci] - 尺码: 40, 库存状态: available
2025-05-15 03:29:14,548 - INFO - [eleonora_bonucci] - 尺码: 41, 库存状态: available
2025-05-15 03:29:14,548 - INFO - [eleonora_bonucci] - 尺码: 42, 库存状态: available
2025-05-15 03:29:14,549 - INFO - [eleonora_bonucci] - 尺码: 43, 库存状态: available
2025-05-15 03:29:14,549 - INFO - [eleonora_bonucci] - 尺码: 44, 库存状态: available
2025-05-15 03:29:14,551 - INFO - [eleonora_bonucci] - 成功获取商品 'CIRCUIT SNEAKER' 的库存信息，共 6 种尺码
2025-05-15 03:29:14,551 - INFO - [eleonora_bonucci] - 正在获取商品 [5/9]: SNEAKER 3XL
2025-05-15 03:29:16,558 - INFO - [eleonora_bonucci] - 正在获取商品库存信息: https://eleonorabonucci.com/en/balenciaga/men/footwear/sneakers/333111
2025-05-15 03:29:20,009 - INFO - [eleonora_bonucci] - 商品名称: SNEAKER 3XL
2025-05-15 03:29:20,017 - INFO - [eleonora_bonucci] - 找到 1 个尺码元素
2025-05-15 03:29:20,017 - INFO - [eleonora_bonucci] - 商品 'SNEAKER 3XL' 共有 1 种尺码
2025-05-15 03:29:20,017 - INFO - [eleonora_bonucci] - 尺码: 40, 库存状态: available
2025-05-15 03:29:20,018 - INFO - [eleonora_bonucci] - 成功获取商品 'SNEAKER 3XL' 的库存信息，共 1 种尺码
2025-05-15 03:29:20,018 - INFO - [eleonora_bonucci] - 正在获取商品 [6/9]: SNEAKER TRACK
2025-05-15 03:29:21,447 - INFO - [eleonora_bonucci] - 正在获取商品库存信息: https://eleonorabonucci.com/en/balenciaga/men/footwear/sneakers/329455
2025-05-15 03:29:24,269 - INFO - [eleonora_bonucci] - 商品名称: MESH AND NYLON TRACK SNEAKER
2025-05-15 03:29:24,276 - INFO - [eleonora_bonucci] - 找到 1 个尺码元素
2025-05-15 03:29:24,276 - INFO - [eleonora_bonucci] - 商品 'MESH AND NYLON TRACK SNEAKER' 共有 1 种尺码
2025-05-15 03:29:24,276 - INFO - [eleonora_bonucci] - 尺码: 41, 库存状态: available
2025-05-15 03:29:24,277 - INFO - [eleonora_bonucci] - 成功获取商品 'SNEAKER TRACK' 的库存信息，共 1 种尺码
2025-05-15 03:29:24,278 - INFO - [eleonora_bonucci] - 正在获取商品 [7/9]: PHANTOM SNEAKER
2025-05-15 03:29:26,395 - INFO - [eleonora_bonucci] - 正在获取商品库存信息: https://eleonorabonucci.com/en/balenciaga/men/footwear/sneakers/244576
2025-05-15 03:29:29,338 - INFO - [eleonora_bonucci] - 商品名称: PHANTOM MESH SNEAKER
2025-05-15 03:29:29,346 - INFO - [eleonora_bonucci] - 找到 1 个尺码元素
2025-05-15 03:29:29,346 - INFO - [eleonora_bonucci] - 商品 'PHANTOM MESH SNEAKER' 共有 1 种尺码
2025-05-15 03:29:29,347 - INFO - [eleonora_bonucci] - 尺码: 45, 库存状态: available
2025-05-15 03:29:29,349 - INFO - [eleonora_bonucci] - 成功获取商品 'PHANTOM SNEAKER' 的库存信息，共 1 种尺码
2025-05-15 03:29:29,349 - INFO - [eleonora_bonucci] - 正在获取商品 [8/9]: SNEAKER RUNNER
2025-05-15 03:29:32,065 - INFO - [eleonora_bonucci] - 正在获取商品库存信息: https://eleonorabonucci.com/en/balenciaga/men/footwear/sneakers/244474
2025-05-15 03:29:35,685 - INFO - [eleonora_bonucci] - 商品名称: MESH AND NYLON RUNNER SNEAKER
2025-05-15 03:29:35,693 - INFO - [eleonora_bonucci] - 找到 4 个尺码元素
2025-05-15 03:29:35,695 - INFO - [eleonora_bonucci] - 商品 'MESH AND NYLON RUNNER SNEAKER' 共有 3 种尺码
2025-05-15 03:29:35,695 - INFO - [eleonora_bonucci] - 尺码: 39, 库存状态: available
2025-05-15 03:29:35,695 - INFO - [eleonora_bonucci] - 尺码: 40, 库存状态: available
2025-05-15 03:29:35,695 - INFO - [eleonora_bonucci] - 尺码: 42, 库存状态: available
2025-05-15 03:29:35,698 - INFO - [eleonora_bonucci] - 成功获取商品 'SNEAKER RUNNER' 的库存信息，共 3 种尺码
2025-05-15 03:29:35,698 - INFO - [eleonora_bonucci] - 正在获取商品 [9/9]: SNEAKER TRACK HIKE
2025-05-15 03:29:38,090 - INFO - [eleonora_bonucci] - 正在获取商品库存信息: https://eleonorabonucci.com/en/balenciaga/men/footwear/sneakers/237063
2025-05-15 03:29:42,704 - INFO - [eleonora_bonucci] - 商品名称: SNEAKER TRACK HIKE
2025-05-15 03:29:42,712 - INFO - [eleonora_bonucci] - 找到 1 个尺码元素
2025-05-15 03:29:42,712 - INFO - [eleonora_bonucci] - 商品 'SNEAKER TRACK HIKE' 共有 1 种尺码
2025-05-15 03:29:42,712 - INFO - [eleonora_bonucci] - 尺码: 39, 库存状态: available
2025-05-15 03:29:42,713 - INFO - [eleonora_bonucci] - 成功获取商品 'SNEAKER TRACK HIKE' 的库存信息，共 1 种尺码
2025-05-15 03:29:42,713 - INFO - [eleonora_bonucci] - 库存信息获取完成，成功: 9/9
2025-05-15 03:29:42,715 - INFO - [eleonora_bonucci] - 数据已保存到 E:\pythonProject\outsource\balenciaga_monitor\data\eleonora_bonucci\inventory\balenciaga_inventory_20250515_032942.json
2025-05-15 03:29:42,715 - INFO - [eleonora_bonucci] - 已保存9个商品的库存信息到 E:\pythonProject\outsource\balenciaga_monitor\data\eleonora_bonucci\inventory\balenciaga_inventory_20250515_032942.json
2025-05-15 03:29:42,716 - INFO - [eleonora_bonucci] - 数据已保存到 E:\pythonProject\outsource\balenciaga_monitor\data\eleonora_bonucci\changes\inventory_changes_20250515_032942.json
2025-05-15 03:29:42,717 - INFO - [eleonora_bonucci] - 检测到库存变化: 0个新商品, 3个下架商品, 0个库存变化
2025-05-15 03:29:42,717 - INFO - [eleonora_bonucci] - 检测到库存变化，已保存到变更记录
2025-05-15 03:29:42,718 - INFO - [eleonora_bonucci] - eleonora_bonucci - 数据已保存到 E:\pythonProject\outsource\balenciaga_monitor\data\eleonora_bonucci\summary\inventory_summary_eleonora_bonucci_20250515_032942.txt
2025-05-15 03:29:42,720 - INFO - [eleonora_bonucci] - 数据已保存到 E:\pythonProject\outsource\balenciaga_monitor\data\eleonora_bonucci\json_summary\inventory_summary_20250515_032942.json
2025-05-15 03:29:42,720 - INFO - [eleonora_bonucci] - 监控结束，关闭浏览器
2025-05-15 03:29:42,720 - INFO - [eleonora_bonucci] - eleonora_bonucci - 监控任务完成，日志已保存
