2025-05-14 18:19:12,867 - utils.page_setting - INFO - [sugar] - 日志文件已创建: E:\pythonProject\outsource\balenciaga_monitor\logs\sugar\sugar_20250514_181912.log
2025-05-14 18:19:12,868 - utils.page_setting - INFO - [sugar] - 加载了上次的库存数据: E:\pythonProject\outsource\balenciaga_monitor\data\sugar\inventory\balenciaga_inventory_20250514_180927.json
2025-05-14 18:19:12,869 - utils.page_setting - INFO - [sugar] - sugar - 库存监控已初始化
2025-05-14 18:19:12,870 - utils.page_setting - INFO - [sugar] - 开始监控 https://www.sugar.it/en-IT/man/designer/balenciaga/shoes
2025-05-14 18:19:12,870 - utils.page_setting - INFO - [sugar] - 正在获取商品目录: https://www.sugar.it/en-IT/man/designer/balenciaga/shoes
2025-05-14 18:19:15,832 - utils.page_setting - INFO - [sugar] - 找到 10 个商品元素
2025-05-14 18:19:15,833 - utils.page_setting - DEBUG - [sugar] - 找到商品: "Monday Shoe" sneakers, URL: https://www.sugar.it/en-IT/product/181864/balenciaga/sneakers/monday_shoe_sneakers
2025-05-14 18:19:15,834 - utils.page_setting - DEBUG - [sugar] - 找到商品: "Tractor" platform loafers, URL: https://www.sugar.it/en-IT/product/181860/balenciaga/derby_shoes/tractor_platform_loafers
2025-05-14 18:19:15,835 - utils.page_setting - DEBUG - [sugar] - 找到商品: "3XL" sneakers, URL: https://www.sugar.it/en-IT/product/180144/balenciaga/sneakers/3xl_sneakers
2025-05-14 18:19:15,836 - utils.page_setting - DEBUG - [sugar] - 找到商品: "6XL" sneakers, URL: https://www.sugar.it/en-IT/product/180141/balenciaga/sneakers/6xl_sneakers
2025-05-14 18:19:15,836 - utils.page_setting - DEBUG - [sugar] - 找到商品: X Crocs rubber ankle boots™, URL: https://www.sugar.it/en-IT/product/180149/balenciaga/boots/x_crocs_rubber_ankle_bootsT
2025-05-14 18:19:15,837 - utils.page_setting - DEBUG - [sugar] - 找到商品: "Circuit" sneakers, URL: https://www.sugar.it/en-IT/product/180153/balenciaga/sneakers/circuit_sneakers
2025-05-14 18:19:15,838 - utils.page_setting - DEBUG - [sugar] - 找到商品: "3XL" sneakers, URL: https://www.sugar.it/en-IT/product/180140/balenciaga/sneakers/3xl_sneakers
2025-05-14 18:19:15,839 - utils.page_setting - DEBUG - [sugar] - 找到商品: "Circuit" sneakers, URL: https://www.sugar.it/en-IT/product/180152/balenciaga/sneakers/circuit_sneakers
2025-05-14 18:19:15,840 - utils.page_setting - DEBUG - [sugar] - 找到商品: "3XL" sneakers, URL: https://www.sugar.it/en-IT/product/168751/balenciaga/sneakers/3xl_sneakers
2025-05-14 18:19:15,841 - utils.page_setting - DEBUG - [sugar] - 找到商品: Logo slides, URL: https://www.sugar.it/en-IT/product/139120/balenciaga/sandals/logo_slides
2025-05-14 18:19:15,841 - utils.page_setting - INFO - [sugar] - 共解析到 10 个商品
2025-05-14 18:19:15,841 - utils.page_setting - INFO - [sugar] - 监控开始，共获取到 10 个商品信息
2025-05-14 18:19:15,845 - utils.page_setting - INFO - [sugar] - sugar - 数据已保存到 E:\pythonProject\outsource\balenciaga_monitor\data\sugar\inventory\balenciaga_inventory_20250514_181915.json
2025-05-14 18:19:15,845 - utils.page_setting - INFO - [sugar] - 已保存7个商品的库存信息到 E:\pythonProject\outsource\balenciaga_monitor\data\sugar\inventory\balenciaga_inventory_20250514_181915.json
2025-05-14 18:19:15,845 - utils.page_setting - INFO - [sugar] - 未检测到库存变化
2025-05-14 18:19:15,845 - utils.page_setting - INFO - [sugar] - 监控结束，关闭浏览器
2025-05-14 18:19:15,845 - utils.page_setting - INFO - [sugar] - sugar - 监控任务完成，日志已保存
