2025-05-12 17:38:44,701 - utils.page_setting - INFO - 日志文件已创建: E:\pythonProject\outsource\balenciaga_monitor\logs\sugar\sugar_20250512_173844.log
2025-05-12 17:38:44,704 - utils.page_setting - INFO - 加载了上次的库存数据: E:\pythonProject\outsource\balenciaga_monitor\data\sugar\inventory\balenciaga_inventory_20250512_171625.json
2025-05-12 17:38:44,705 - utils.page_setting - INFO - sugar - 库存监控已初始化
2025-05-12 17:38:44,708 - utils.page_setting - INFO - 开始监控 https://www.sugar.it/en-IT/man/designer/balenciaga/shoes
2025-05-12 17:38:44,708 - utils.page_setting - INFO - 正在获取商品目录: https://www.sugar.it/en-IT/man/designer/balenciaga/shoes
2025-05-12 17:38:46,939 - utils.page_setting - INFO - 找到 11 个商品元素
2025-05-12 17:38:46,942 - utils.page_setting - DEBUG - 找到商品: "Monday Shoe" sneakers, URL: https://www.sugar.it/en-IT/product/181864/balenciaga/sneakers/monday_shoe_sneakers
2025-05-12 17:38:46,943 - utils.page_setting - DEBUG - 找到商品: "Tractor" platform loafers, URL: https://www.sugar.it/en-IT/product/181860/balenciaga/derby_shoes/tractor_platform_loafers
2025-05-12 17:38:46,945 - utils.page_setting - DEBUG - 找到商品: "3XL" sneakers, URL: https://www.sugar.it/en-IT/product/180144/balenciaga/sneakers/3xl_sneakers
2025-05-12 17:38:46,946 - utils.page_setting - DEBUG - 找到商品: "6XL" sneakers, URL: https://www.sugar.it/en-IT/product/180141/balenciaga/sneakers/6xl_sneakers
2025-05-12 17:38:46,947 - utils.page_setting - DEBUG - 找到商品: X Crocs rubber ankle boots™, URL: https://www.sugar.it/en-IT/product/180149/balenciaga/boots/x_crocs_rubber_ankle_bootsT
2025-05-12 17:38:46,948 - utils.page_setting - DEBUG - 找到商品: "Circuit" sneakers, URL: https://www.sugar.it/en-IT/product/180153/balenciaga/sneakers/circuit_sneakers
2025-05-12 17:38:46,949 - utils.page_setting - DEBUG - 找到商品: "3XL" sneakers, URL: https://www.sugar.it/en-IT/product/180140/balenciaga/sneakers/3xl_sneakers
2025-05-12 17:38:46,950 - utils.page_setting - DEBUG - 找到商品: "Circuit" sneakers, URL: https://www.sugar.it/en-IT/product/180152/balenciaga/sneakers/circuit_sneakers
2025-05-12 17:38:46,951 - utils.page_setting - DEBUG - 找到商品: "3XL" sneakers, URL: https://www.sugar.it/en-IT/product/168751/balenciaga/sneakers/3xl_sneakers
2025-05-12 17:38:46,952 - utils.page_setting - DEBUG - 找到商品: "Runner Graffiti" sneakers, URL: https://www.sugar.it/en-IT/product/164833/balenciaga/sneakers/runner_graffiti_sneakers
2025-05-12 17:38:46,954 - utils.page_setting - DEBUG - 找到商品: Logo slides, URL: https://www.sugar.it/en-IT/product/139120/balenciaga/sandals/logo_slides
2025-05-12 17:38:46,954 - utils.page_setting - INFO - 共解析到 11 个商品
2025-05-12 17:38:46,954 - utils.page_setting - INFO - 监控开始，共获取到 11 个商品信息
2025-05-12 17:38:46,958 - utils.page_setting - INFO - sugar - 数据已保存到 E:\pythonProject\outsource\balenciaga_monitor\data\sugar\inventory\balenciaga_inventory_20250512_173846.json
2025-05-12 17:38:46,959 - utils.page_setting - INFO - 已保存8个商品的库存信息到 E:\pythonProject\outsource\balenciaga_monitor\data\sugar\inventory\balenciaga_inventory_20250512_173846.json
2025-05-12 17:38:46,959 - utils.page_setting - INFO - 未检测到库存变化
2025-05-12 17:38:46,959 - utils.page_setting - INFO - 监控结束，关闭浏览器
2025-05-12 17:38:46,960 - utils.page_setting - INFO - sugar - 监控任务完成，日志已保存
