2025-05-14 18:22:03,818 - utils.page_setting - INFO - [sugar] - 日志文件已创建: E:\pythonProject\outsource\balenciaga_monitor\logs\sugar\sugar_20250514_182203.log
2025-05-14 18:22:03,820 - utils.page_setting - INFO - [sugar] - 加载了上次的库存数据: E:\pythonProject\outsource\balenciaga_monitor\data\sugar\inventory\balenciaga_inventory_20250514_182001.json
2025-05-14 18:22:03,820 - utils.page_setting - INFO - [sugar] - sugar - 库存监控已初始化
2025-05-14 18:22:03,821 - utils.page_setting - INFO - [sugar] - 开始监控 https://www.sugar.it/en-IT/man/designer/balenciaga/shoes
2025-05-14 18:22:03,821 - utils.page_setting - INFO - [sugar] - 正在获取商品目录: https://www.sugar.it/en-IT/man/designer/balenciaga/shoes
2025-05-14 18:22:08,925 - utils.page_setting - INFO - [sugar] - 找到 10 个商品元素
2025-05-14 18:22:08,928 - utils.page_setting - DEBUG - [sugar] - 找到商品: "Monday Shoe" sneakers, URL: https://www.sugar.it/en-IT/product/181864/balenciaga/sneakers/monday_shoe_sneakers
2025-05-14 18:22:08,929 - utils.page_setting - DEBUG - [sugar] - 找到商品: "Tractor" platform loafers, URL: https://www.sugar.it/en-IT/product/181860/balenciaga/derby_shoes/tractor_platform_loafers
2025-05-14 18:22:08,931 - utils.page_setting - DEBUG - [sugar] - 找到商品: "3XL" sneakers, URL: https://www.sugar.it/en-IT/product/180144/balenciaga/sneakers/3xl_sneakers
2025-05-14 18:22:08,933 - utils.page_setting - DEBUG - [sugar] - 找到商品: "6XL" sneakers, URL: https://www.sugar.it/en-IT/product/180141/balenciaga/sneakers/6xl_sneakers
2025-05-14 18:22:08,934 - utils.page_setting - DEBUG - [sugar] - 找到商品: X Crocs rubber ankle boots™, URL: https://www.sugar.it/en-IT/product/180149/balenciaga/boots/x_crocs_rubber_ankle_bootsT
2025-05-14 18:22:08,936 - utils.page_setting - DEBUG - [sugar] - 找到商品: "Circuit" sneakers, URL: https://www.sugar.it/en-IT/product/180153/balenciaga/sneakers/circuit_sneakers
2025-05-14 18:22:08,937 - utils.page_setting - DEBUG - [sugar] - 找到商品: "3XL" sneakers, URL: https://www.sugar.it/en-IT/product/180140/balenciaga/sneakers/3xl_sneakers
2025-05-14 18:22:08,940 - utils.page_setting - DEBUG - [sugar] - 找到商品: "Circuit" sneakers, URL: https://www.sugar.it/en-IT/product/180152/balenciaga/sneakers/circuit_sneakers
2025-05-14 18:22:08,941 - utils.page_setting - DEBUG - [sugar] - 找到商品: "3XL" sneakers, URL: https://www.sugar.it/en-IT/product/168751/balenciaga/sneakers/3xl_sneakers
2025-05-14 18:22:08,942 - utils.page_setting - DEBUG - [sugar] - 找到商品: Logo slides, URL: https://www.sugar.it/en-IT/product/139120/balenciaga/sandals/logo_slides
2025-05-14 18:22:08,942 - utils.page_setting - INFO - [sugar] - 共解析到 10 个商品
2025-05-14 18:22:08,944 - utils.page_setting - INFO - [sugar] - 监控开始，共获取到 10 个商品信息
2025-05-14 18:22:08,946 - utils.page_setting - INFO - [sugar] - sugar - 数据已保存到 E:\pythonProject\outsource\balenciaga_monitor\data\sugar\inventory\balenciaga_inventory_20250514_182208.json
2025-05-14 18:22:08,946 - utils.page_setting - INFO - [sugar] - 已保存7个商品的库存信息到 E:\pythonProject\outsource\balenciaga_monitor\data\sugar\inventory\balenciaga_inventory_20250514_182208.json
2025-05-14 18:22:08,947 - utils.page_setting - INFO - [sugar] - 未检测到库存变化
2025-05-14 18:22:08,947 - utils.page_setting - INFO - [sugar] - 监控结束，关闭浏览器
2025-05-14 18:22:08,947 - utils.page_setting - INFO - [sugar] - sugar - 监控任务完成，日志已保存
