2025-05-14 13:16:34,833 - utils.page_setting - INFO - 日志文件已创建: E:\pythonProject\outsource\balenciaga_monitor\logs\d2store\d2store_20250514_131634.log
2025-05-14 13:16:34,834 - utils.page_setting - INFO - 加载了上次的库存数据: E:\pythonProject\outsource\balenciaga_monitor\data\d2store\inventory\balenciaga_inventory_20250514_131614.json
2025-05-14 13:16:34,835 - utils.page_setting - INFO - d2store - 库存监控已初始化
2025-05-14 13:16:34,836 - utils.page_setting - INFO - 开始监控 https://www.d2-store.com/en/men/designer/maison-margiela/sneakers
2025-05-14 13:16:34,836 - utils.page_setting - INFO - 正在获取商品目录: https://www.d2-store.com/en/men/designer/maison-margiela/sneakers
2025-05-14 13:16:36,442 - utils.page_setting - INFO - 找到 7 个商品元素
2025-05-14 13:16:36,443 - utils.page_setting - DEBUG - 找到商品: replica sneakers man off-white, URL: https://www.d2-store.com/en/product/maison-margiela-replica-sneakers-man-off-white-s57ws0513-p8170-ha839
2025-05-14 13:16:36,443 - utils.page_setting - DEBUG - 找到商品: sprinters sneakers man off-white, URL: https://www.d2-store.com/en/product/maison-margiela-sprinters-sneakers-man-off-white-s57ws0512-p8225-ha815
2025-05-14 13:16:36,444 - utils.page_setting - DEBUG - 找到商品: replica snekaers man off-white, URL: https://www.d2-store.com/en/product/maison-margiela-replica-snekaers-man-off-white-s57ws0505-p8153-ha771
2025-05-14 13:16:36,444 - utils.page_setting - DEBUG - 找到商品: replica sneakers man white, URL: https://www.d2-store.com/en/product/maison-margiela-replica-sneakers-man-white-s57ws0236-p1895-101
2025-05-14 13:16:36,444 - utils.page_setting - DEBUG - 找到商品: replica sneakers man black, URL: https://www.d2-store.com/en/product/maison-margiela-replica-sneakers-man-black-s57ws0236-p1895-h6851
2025-05-14 13:16:36,445 - utils.page_setting - DEBUG - 找到商品: replica inside out sneakers man beige in leather, URL: https://www.d2-store.com/en/product/maison-margiela-replica-inside-out-sneakers-man-beige-in-leather-s57ws0495-p6847-ha336
2025-05-14 13:16:36,445 - utils.page_setting - DEBUG - 找到商品: replica sneakers man black in suede, URL: https://www.d2-store.com/en/product/maison-margiela-replica-sneakers-man-black-in-suede-s57ws0236-p1897-900
2025-05-14 13:16:36,445 - utils.page_setting - INFO - 共解析到 7 个商品
2025-05-14 13:16:36,445 - utils.page_setting - INFO - 监控开始，共获取到 7 个商品信息
2025-05-14 13:16:36,447 - utils.page_setting - INFO - d2store - 数据已保存到 E:\pythonProject\outsource\balenciaga_monitor\data\d2store\inventory\balenciaga_inventory_20250514_131636.json
2025-05-14 13:16:36,447 - utils.page_setting - INFO - 已保存7个商品的库存信息到 E:\pythonProject\outsource\balenciaga_monitor\data\d2store\inventory\balenciaga_inventory_20250514_131636.json
2025-05-14 13:16:36,447 - utils.page_setting - INFO - 未检测到库存变化
2025-05-14 13:16:36,447 - utils.page_setting - INFO - 监控结束，关闭浏览器
2025-05-14 13:16:36,447 - utils.page_setting - INFO - d2store - 监控任务完成，日志已保存
